0 info it worked if it ends with ok
1 verbose cli [ '/usr/local/bin/node',
1 verbose cli   '/usr/local/bin/npm',
1 verbose cli   'install',
1 verbose cli   '-g',
1 verbose cli   'mongo' ]
2 info using npm@3.10.10
3 info using node@v6.9.5
4 silly loadCurrentTree Starting
5 silly install loadCurrentTree
6 silly install readGlobalPackageData
7 silly fetchPackageMetaData mongo
8 silly fetchNamedPackageData mongo
9 silly mapToRegistry name mongo
10 silly mapToRegistry using default registry
11 silly mapToRegistry registry https://registry.npmjs.org/
12 silly mapToRegistry data Result {
12 silly mapToRegistry   raw: 'mongo',
12 silly mapToRegistry   scope: null,
12 silly mapToRegistry   escapedName: 'mongo',
12 silly mapToRegistry   name: 'mongo',
12 silly mapToRegistry   rawSpec: '',
12 silly mapToRegistry   spec: 'latest',
12 silly mapToRegistry   type: 'tag' }
13 silly mapToRegistry uri https://registry.npmjs.org/mongo
14 verbose request uri https://registry.npmjs.org/mongo
15 verbose request no auth needed
16 info attempt registry request try #1 at 10:41:37
17 verbose request using bearer token for auth
18 verbose request id 9d0ba817b5d61f4c
19 http request GET https://registry.npmjs.org/mongo
20 http 200 https://registry.npmjs.org/mongo
21 verbose headers { server: 'nginx/1.10.1',
21 verbose headers   'content-type': 'application/json',
21 verbose headers   'last-modified': 'Sun, 12 Mar 2017 10:26:44 GMT',
21 verbose headers   etag: 'W/"58c52264-4e9"',
21 verbose headers   'content-encoding': 'gzip',
21 verbose headers   'cache-control': 'max-age=300',
21 verbose headers   'transfer-encoding': 'chunked',
21 verbose headers   'accept-ranges': 'bytes',
21 verbose headers   date: 'Tue, 09 May 2017 09:41:38 GMT',
21 verbose headers   via: '1.1 varnish',
21 verbose headers   connection: 'keep-alive',
21 verbose headers   'x-served-by': 'cache-mad9428-MAD',
21 verbose headers   'x-cache': 'MISS',
21 verbose headers   'x-cache-hits': '0',
21 verbose headers   'x-timer': 'S1494322898.036433,VS0,VE45',
21 verbose headers   vary: 'Accept-Encoding' }
22 silly get cb [ 200,
22 silly get   { server: 'nginx/1.10.1',
22 silly get     'content-type': 'application/json',
22 silly get     'last-modified': 'Sun, 12 Mar 2017 10:26:44 GMT',
22 silly get     etag: 'W/"58c52264-4e9"',
22 silly get     'content-encoding': 'gzip',
22 silly get     'cache-control': 'max-age=300',
22 silly get     'transfer-encoding': 'chunked',
22 silly get     'accept-ranges': 'bytes',
22 silly get     date: 'Tue, 09 May 2017 09:41:38 GMT',
22 silly get     via: '1.1 varnish',
22 silly get     connection: 'keep-alive',
22 silly get     'x-served-by': 'cache-mad9428-MAD',
22 silly get     'x-cache': 'MISS',
22 silly get     'x-cache-hits': '0',
22 silly get     'x-timer': 'S1494322898.036433,VS0,VE45',
22 silly get     vary: 'Accept-Encoding' } ]
23 verbose get saving mongo to /Users/Fer/.npm/registry.npmjs.org/mongo/.cache.json
24 verbose correctMkdir /Users/Fer/.npm correctMkdir not in flight; initializing
25 silly install normalizeTree
26 silly loadCurrentTree Finishing
27 silly loadIdealTree Starting
28 silly install loadIdealTree
29 silly cloneCurrentTree Starting
30 silly install cloneCurrentTreeToIdealTree
31 silly cloneCurrentTree Finishing
32 silly loadShrinkwrap Starting
33 silly install loadShrinkwrap
34 silly loadShrinkwrap Finishing
35 silly loadAllDepsIntoIdealTree Starting
36 silly install loadAllDepsIntoIdealTree
37 silly resolveWithNewModule mongo@0.1.0 checking installable status
38 silly cache add args [ 'mongo', null ]
39 verbose cache add spec mongo
40 silly cache add parsed spec Result {
40 silly cache add   raw: 'mongo',
40 silly cache add   scope: null,
40 silly cache add   escapedName: 'mongo',
40 silly cache add   name: 'mongo',
40 silly cache add   rawSpec: '',
40 silly cache add   spec: 'latest',
40 silly cache add   type: 'tag' }
41 silly addNamed mongo@latest
42 verbose addNamed "latest" is being treated as a dist-tag for mongo
43 info addNameTag [ 'mongo', 'latest' ]
44 silly mapToRegistry name mongo
45 silly mapToRegistry using default registry
46 silly mapToRegistry registry https://registry.npmjs.org/
47 silly mapToRegistry data Result {
47 silly mapToRegistry   raw: 'mongo',
47 silly mapToRegistry   scope: null,
47 silly mapToRegistry   escapedName: 'mongo',
47 silly mapToRegistry   name: 'mongo',
47 silly mapToRegistry   rawSpec: '',
47 silly mapToRegistry   spec: 'latest',
47 silly mapToRegistry   type: 'tag' }
48 silly mapToRegistry uri https://registry.npmjs.org/mongo
49 verbose addNameTag registry:https://registry.npmjs.org/mongo not in flight; fetching
50 verbose get https://registry.npmjs.org/mongo not expired, no request
51 silly addNameTag next cb for mongo with tag latest
52 silly addNamed mongo@0.1.0
53 verbose addNamed "0.1.0" is a plain semver version for mongo
54 silly mapToRegistry name mongo
55 silly mapToRegistry using default registry
56 silly mapToRegistry registry https://registry.npmjs.org/
57 silly mapToRegistry data Result {
57 silly mapToRegistry   raw: 'mongo',
57 silly mapToRegistry   scope: null,
57 silly mapToRegistry   escapedName: 'mongo',
57 silly mapToRegistry   name: 'mongo',
57 silly mapToRegistry   rawSpec: '',
57 silly mapToRegistry   spec: 'latest',
57 silly mapToRegistry   type: 'tag' }
58 silly mapToRegistry uri https://registry.npmjs.org/mongo
59 verbose addRemoteTarball https://registry.npmjs.org/mongo/-/mongo-0.1.0.tgz not in flight; adding
60 verbose addRemoteTarball [ 'https://registry.npmjs.org/mongo/-/mongo-0.1.0.tgz',
60 verbose addRemoteTarball   'c8af0f8df98d4894b772b37342987c3becf3718c' ]
61 info retry fetch attempt 1 at 10:41:38
62 info attempt registry request try #1 at 10:41:38
63 http fetch GET https://registry.npmjs.org/mongo/-/mongo-0.1.0.tgz
64 verbose request using bearer token for auth
65 http fetch 200 https://registry.npmjs.org/mongo/-/mongo-0.1.0.tgz
66 silly fetchAndShaCheck shasum c8af0f8df98d4894b772b37342987c3becf3718c
67 verbose addTmpTarball /var/folders/1n/dhh6d8p13n72ndwl5x0r4gh00000gn/T/npm-842-68b779e2/registry.npmjs.org/mongo/-/mongo-0.1.0.tgz not in flight; adding
68 verbose addTmpTarball already have metadata; skipping unpack for mongo@0.1.0
69 verbose correctMkdir /Users/Fer/.npm correctMkdir not in flight; initializing
70 silly cache afterAdd mongo@0.1.0
71 verbose afterAdd /Users/Fer/.npm/mongo/0.1.0/package/package.json not in flight; writing
72 verbose correctMkdir /Users/Fer/.npm correctMkdir not in flight; initializing
73 verbose afterAdd /Users/Fer/.npm/mongo/0.1.0/package/package.json written
74 silly fetchNamedPackageData mongodb
75 silly mapToRegistry name mongodb
76 silly mapToRegistry using default registry
77 silly mapToRegistry registry https://registry.npmjs.org/
78 silly mapToRegistry data Result {
78 silly mapToRegistry   raw: 'mongodb',
78 silly mapToRegistry   scope: null,
78 silly mapToRegistry   escapedName: 'mongodb',
78 silly mapToRegistry   name: 'mongodb',
78 silly mapToRegistry   rawSpec: '',
78 silly mapToRegistry   spec: 'latest',
78 silly mapToRegistry   type: 'tag' }
79 silly mapToRegistry uri https://registry.npmjs.org/mongodb
80 verbose request uri https://registry.npmjs.org/mongodb
81 verbose request no auth needed
82 info attempt registry request try #1 at 10:41:38
83 verbose request using bearer token for auth
84 http request GET https://registry.npmjs.org/mongodb
85 http 200 https://registry.npmjs.org/mongodb
86 verbose headers { server: 'nginx/1.10.1',
86 verbose headers   'content-type': 'application/json',
86 verbose headers   'last-modified': 'Mon, 08 May 2017 07:29:52 GMT',
86 verbose headers   etag: 'W/"59101e70-968fb"',
86 verbose headers   'content-encoding': 'gzip',
86 verbose headers   'cache-control': 'max-age=300',
86 verbose headers   'transfer-encoding': 'chunked',
86 verbose headers   'accept-ranges': 'bytes',
86 verbose headers   date: 'Tue, 09 May 2017 09:41:38 GMT',
86 verbose headers   via: '1.1 varnish',
86 verbose headers   connection: 'keep-alive',
86 verbose headers   'x-served-by': 'cache-mad9428-MAD',
86 verbose headers   'x-cache': 'MISS',
86 verbose headers   'x-cache-hits': '0',
86 verbose headers   'x-timer': 'S1494322898.284997,VS0,VE42',
86 verbose headers   vary: 'Accept-Encoding' }
87 silly get cb [ 200,
87 silly get   { server: 'nginx/1.10.1',
87 silly get     'content-type': 'application/json',
87 silly get     'last-modified': 'Mon, 08 May 2017 07:29:52 GMT',
87 silly get     etag: 'W/"59101e70-968fb"',
87 silly get     'content-encoding': 'gzip',
87 silly get     'cache-control': 'max-age=300',
87 silly get     'transfer-encoding': 'chunked',
87 silly get     'accept-ranges': 'bytes',
87 silly get     date: 'Tue, 09 May 2017 09:41:38 GMT',
87 silly get     via: '1.1 varnish',
87 silly get     connection: 'keep-alive',
87 silly get     'x-served-by': 'cache-mad9428-MAD',
87 silly get     'x-cache': 'MISS',
87 silly get     'x-cache-hits': '0',
87 silly get     'x-timer': 'S1494322898.284997,VS0,VE42',
87 silly get     vary: 'Accept-Encoding' } ]
88 verbose get saving mongodb to /Users/Fer/.npm/registry.npmjs.org/mongodb/.cache.json
89 verbose correctMkdir /Users/Fer/.npm correctMkdir not in flight; initializing
90 silly resolveWithNewModule mongodb@2.2.26 checking installable status
91 silly cache add args [ 'mongodb@*', null ]
92 verbose cache add spec mongodb@*
93 silly cache add parsed spec Result {
93 silly cache add   raw: 'mongodb@*',
93 silly cache add   scope: null,
93 silly cache add   escapedName: 'mongodb',
93 silly cache add   name: 'mongodb',
93 silly cache add   rawSpec: '*',
93 silly cache add   spec: '*',
93 silly cache add   type: 'range' }
94 silly addNamed mongodb@*
95 verbose addNamed "*" is a valid semver range for mongodb
96 silly addNameRange { name: 'mongodb', range: '*', hasData: false }
97 silly mapToRegistry name mongodb
98 silly mapToRegistry using default registry
99 silly mapToRegistry registry https://registry.npmjs.org/
100 silly mapToRegistry data Result {
100 silly mapToRegistry   raw: 'mongodb',
100 silly mapToRegistry   scope: null,
100 silly mapToRegistry   escapedName: 'mongodb',
100 silly mapToRegistry   name: 'mongodb',
100 silly mapToRegistry   rawSpec: '',
100 silly mapToRegistry   spec: 'latest',
100 silly mapToRegistry   type: 'tag' }
101 silly mapToRegistry uri https://registry.npmjs.org/mongodb
102 verbose addNameRange registry:https://registry.npmjs.org/mongodb not in flight; fetching
103 verbose get https://registry.npmjs.org/mongodb not expired, no request
104 silly addNameRange number 2 { name: 'mongodb', range: '*', hasData: true }
105 silly addNameRange versions [ 'mongodb',
105 silly addNameRange   [ '0.9.4',
105 silly addNameRange     '0.9.4-4',
105 silly addNameRange     '0.9.3',
105 silly addNameRange     '0.9.1',
105 silly addNameRange     '0.9.2',
105 silly addNameRange     '0.9.6-7',
105 silly addNameRange     '0.9.6-8',
105 silly addNameRange     '0.9.6-9',
105 silly addNameRange     '0.9.6-10',
105 silly addNameRange     '0.9.6-11',
105 silly addNameRange     '0.9.6-12',
105 silly addNameRange     '0.9.6-13',
105 silly addNameRange     '0.9.6-14',
105 silly addNameRange     '0.9.6-15',
105 silly addNameRange     '0.9.6-16',
105 silly addNameRange     '0.9.6-17',
105 silly addNameRange     '0.9.6-18',
105 silly addNameRange     '0.9.6-19',
105 silly addNameRange     '0.9.6-20',
105 silly addNameRange     '0.9.6-21',
105 silly addNameRange     '0.9.6-22',
105 silly addNameRange     '0.9.6-23',
105 silly addNameRange     '0.9.7',
105 silly addNameRange     '0.9.7-0',
105 silly addNameRange     '0.9.7-1',
105 silly addNameRange     '0.9.7-1.1',
105 silly addNameRange     '0.9.7-1.2',
105 silly addNameRange     '0.9.7-1.3',
105 silly addNameRange     '0.9.7-1.4',
105 silly addNameRange     '0.9.7-2',
105 silly addNameRange     '0.9.7-2-1',
105 silly addNameRange     '0.9.7-2-2',
105 silly addNameRange     '0.9.7-2-3',
105 silly addNameRange     '0.9.7-2-4',
105 silly addNameRange     '0.9.7-2-5',
105 silly addNameRange     '0.9.7-3',
105 silly addNameRange     '0.9.7-3-1',
105 silly addNameRange     '0.9.7-3-2',
105 silly addNameRange     '0.9.7-3-3',
105 silly addNameRange     '0.9.7-3-4',
105 silly addNameRange     '0.9.7-3-5',
105 silly addNameRange     '0.9.8',
105 silly addNameRange     '0.9.8-1',
105 silly addNameRange     '0.9.8-2',
105 silly addNameRange     '0.9.8-3',
105 silly addNameRange     '0.9.8-4',
105 silly addNameRange     '0.9.8-5',
105 silly addNameRange     '0.9.8-6',
105 silly addNameRange     '0.9.8-7',
105 silly addNameRange     '0.9.9',
105 silly addNameRange     '0.9.9-1',
105 silly addNameRange     '0.9.9-2',
105 silly addNameRange     '0.9.9-3',
105 silly addNameRange     '0.9.9-4',
105 silly addNameRange     '0.9.9-5',
105 silly addNameRange     '0.9.9-6',
105 silly addNameRange     '0.9.9-7',
105 silly addNameRange     '0.9.9-8',
105 silly addNameRange     '1.0.0',
105 silly addNameRange     '1.0.1',
105 silly addNameRange     '1.0.2',
105 silly addNameRange     '1.1.0-beta',
105 silly addNameRange     '1.1.0',
105 silly addNameRange     '1.1.1',
105 silly addNameRange     '1.1.2',
105 silly addNameRange     '1.1.3',
105 silly addNameRange     '1.1.4',
105 silly addNameRange     '1.1.5',
105 silly addNameRange     '1.1.6',
105 silly addNameRange     '1.1.7',
105 silly addNameRange     '1.1.8',
105 silly addNameRange     '1.1.9',
105 silly addNameRange     '1.1.10',
105 silly addNameRange     '1.1.11',
105 silly addNameRange     '1.2.0',
105 silly addNameRange     '1.2.1',
105 silly addNameRange     '1.2.2',
105 silly addNameRange     '1.2.3',
105 silly addNameRange     '1.2.4',
105 silly addNameRange     '1.2.5',
105 silly addNameRange     '1.2.6',
105 silly addNameRange     '1.2.7',
105 silly addNameRange     '1.2.8',
105 silly addNameRange     '1.2.9',
105 silly addNameRange     '1.2.10',
105 silly addNameRange     '1.2.11',
105 silly addNameRange     '1.2.12',
105 silly addNameRange     '1.2.13',
105 silly addNameRange     '1.2.14',
105 silly addNameRange     '1.3.0',
105 silly addNameRange     '1.3.1',
105 silly addNameRange     '1.3.2',
105 silly addNameRange     '1.3.3',
105 silly addNameRange     '1.3.4',
105 silly addNameRange     '1.3.5',
105 silly addNameRange     '1.3.6',
105 silly addNameRange     '1.3.7',
105 silly addNameRange     '1.3.8',
105 silly addNameRange     '1.3.9',
105 silly addNameRange     '1.3.10',
105 silly addNameRange     ... 174 more items ] ]
106 silly addNamed mongodb@2.2.26
107 verbose addNamed "2.2.26" is a plain semver version for mongodb
108 silly mapToRegistry name mongodb
109 silly mapToRegistry using default registry
110 silly mapToRegistry registry https://registry.npmjs.org/
111 silly mapToRegistry data Result {
111 silly mapToRegistry   raw: 'mongodb',
111 silly mapToRegistry   scope: null,
111 silly mapToRegistry   escapedName: 'mongodb',
111 silly mapToRegistry   name: 'mongodb',
111 silly mapToRegistry   rawSpec: '',
111 silly mapToRegistry   spec: 'latest',
111 silly mapToRegistry   type: 'tag' }
112 silly mapToRegistry uri https://registry.npmjs.org/mongodb
113 verbose addRemoteTarball https://registry.npmjs.org/mongodb/-/mongodb-2.2.26.tgz not in flight; adding
114 verbose addRemoteTarball [ 'https://registry.npmjs.org/mongodb/-/mongodb-2.2.26.tgz',
114 verbose addRemoteTarball   '1bd50c557c277c98e1a05da38c9839c4922b034a' ]
115 info retry fetch attempt 1 at 10:41:38
116 info attempt registry request try #1 at 10:41:38
117 http fetch GET https://registry.npmjs.org/mongodb/-/mongodb-2.2.26.tgz
118 verbose request using bearer token for auth
119 http fetch 200 https://registry.npmjs.org/mongodb/-/mongodb-2.2.26.tgz
120 silly fetchAndShaCheck shasum 1bd50c557c277c98e1a05da38c9839c4922b034a
121 verbose addTmpTarball /var/folders/1n/dhh6d8p13n72ndwl5x0r4gh00000gn/T/npm-842-68b779e2/registry.npmjs.org/mongodb/-/mongodb-2.2.26.tgz not in flight; adding
122 verbose addTmpTarball already have metadata; skipping unpack for mongodb@2.2.26
123 verbose correctMkdir /Users/Fer/.npm correctMkdir not in flight; initializing
124 silly cache afterAdd mongodb@2.2.26
125 verbose afterAdd /Users/Fer/.npm/mongodb/2.2.26/package/package.json not in flight; writing
126 verbose correctMkdir /Users/Fer/.npm correctMkdir not in flight; initializing
127 verbose afterAdd /Users/Fer/.npm/mongodb/2.2.26/package/package.json written
128 silly fetchNamedPackageData es6-promise
129 silly mapToRegistry name es6-promise
130 silly mapToRegistry using default registry
131 silly mapToRegistry registry https://registry.npmjs.org/
132 silly mapToRegistry data Result {
132 silly mapToRegistry   raw: 'es6-promise',
132 silly mapToRegistry   scope: null,
132 silly mapToRegistry   escapedName: 'es6-promise',
132 silly mapToRegistry   name: 'es6-promise',
132 silly mapToRegistry   rawSpec: '',
132 silly mapToRegistry   spec: 'latest',
132 silly mapToRegistry   type: 'tag' }
133 silly mapToRegistry uri https://registry.npmjs.org/es6-promise
134 silly fetchNamedPackageData mongodb-core
135 silly mapToRegistry name mongodb-core
136 silly mapToRegistry using default registry
137 silly mapToRegistry registry https://registry.npmjs.org/
138 silly mapToRegistry data Result {
138 silly mapToRegistry   raw: 'mongodb-core',
138 silly mapToRegistry   scope: null,
138 silly mapToRegistry   escapedName: 'mongodb-core',
138 silly mapToRegistry   name: 'mongodb-core',
138 silly mapToRegistry   rawSpec: '',
138 silly mapToRegistry   spec: 'latest',
138 silly mapToRegistry   type: 'tag' }
139 silly mapToRegistry uri https://registry.npmjs.org/mongodb-core
140 silly fetchNamedPackageData readable-stream
141 silly mapToRegistry name readable-stream
142 silly mapToRegistry using default registry
143 silly mapToRegistry registry https://registry.npmjs.org/
144 silly mapToRegistry data Result {
144 silly mapToRegistry   raw: 'readable-stream',
144 silly mapToRegistry   scope: null,
144 silly mapToRegistry   escapedName: 'readable-stream',
144 silly mapToRegistry   name: 'readable-stream',
144 silly mapToRegistry   rawSpec: '',
144 silly mapToRegistry   spec: 'latest',
144 silly mapToRegistry   type: 'tag' }
145 silly mapToRegistry uri https://registry.npmjs.org/readable-stream
146 verbose request uri https://registry.npmjs.org/mongodb-core
147 verbose request no auth needed
148 info attempt registry request try #1 at 10:41:38
149 verbose request using bearer token for auth
150 http request GET https://registry.npmjs.org/mongodb-core
151 verbose request uri https://registry.npmjs.org/es6-promise
152 verbose request no auth needed
153 info attempt registry request try #1 at 10:41:38
154 verbose request using bearer token for auth
155 verbose etag W/"58befd41-d848"
156 verbose lastModified Tue, 07 Mar 2017 18:34:41 GMT
157 http request GET https://registry.npmjs.org/es6-promise
158 verbose request uri https://registry.npmjs.org/readable-stream
159 verbose request no auth needed
160 info attempt registry request try #1 at 10:41:38
161 verbose request using bearer token for auth
162 verbose etag W/"58e899e9-160e2"
163 verbose lastModified Sat, 08 Apr 2017 08:06:01 GMT
164 http request GET https://registry.npmjs.org/readable-stream
165 http 200 https://registry.npmjs.org/mongodb-core
166 verbose headers { server: 'nginx/1.10.1',
166 verbose headers   'content-type': 'application/json',
166 verbose headers   'last-modified': 'Tue, 18 Apr 2017 13:51:47 GMT',
166 verbose headers   etag: 'W/"58f619f3-30b35"',
166 verbose headers   'content-encoding': 'gzip',
166 verbose headers   'cache-control': 'max-age=300',
166 verbose headers   'transfer-encoding': 'chunked',
166 verbose headers   'accept-ranges': 'bytes',
166 verbose headers   date: 'Tue, 09 May 2017 09:41:38 GMT',
166 verbose headers   via: '1.1 varnish',
166 verbose headers   connection: 'keep-alive',
166 verbose headers   'x-served-by': 'cache-mad9428-MAD',
166 verbose headers   'x-cache': 'MISS',
166 verbose headers   'x-cache-hits': '0',
166 verbose headers   'x-timer': 'S1494322899.721028,VS0,VE39',
166 verbose headers   vary: 'Accept-Encoding' }
167 silly get cb [ 200,
167 silly get   { server: 'nginx/1.10.1',
167 silly get     'content-type': 'application/json',
167 silly get     'last-modified': 'Tue, 18 Apr 2017 13:51:47 GMT',
167 silly get     etag: 'W/"58f619f3-30b35"',
167 silly get     'content-encoding': 'gzip',
167 silly get     'cache-control': 'max-age=300',
167 silly get     'transfer-encoding': 'chunked',
167 silly get     'accept-ranges': 'bytes',
167 silly get     date: 'Tue, 09 May 2017 09:41:38 GMT',
167 silly get     via: '1.1 varnish',
167 silly get     connection: 'keep-alive',
167 silly get     'x-served-by': 'cache-mad9428-MAD',
167 silly get     'x-cache': 'MISS',
167 silly get     'x-cache-hits': '0',
167 silly get     'x-timer': 'S1494322899.721028,VS0,VE39',
167 silly get     vary: 'Accept-Encoding' } ]
168 verbose get saving mongodb-core to /Users/Fer/.npm/registry.npmjs.org/mongodb-core/.cache.json
169 verbose correctMkdir /Users/Fer/.npm correctMkdir not in flight; initializing
170 silly resolveWithNewModule mongodb-core@2.1.10 checking installable status
171 silly cache add args [ 'mongodb-core@2.1.10', null ]
172 verbose cache add spec mongodb-core@2.1.10
173 silly cache add parsed spec Result {
173 silly cache add   raw: 'mongodb-core@2.1.10',
173 silly cache add   scope: null,
173 silly cache add   escapedName: 'mongodb-core',
173 silly cache add   name: 'mongodb-core',
173 silly cache add   rawSpec: '2.1.10',
173 silly cache add   spec: '2.1.10',
173 silly cache add   type: 'version' }
174 silly addNamed mongodb-core@2.1.10
175 verbose addNamed "2.1.10" is a plain semver version for mongodb-core
176 silly mapToRegistry name mongodb-core
177 silly mapToRegistry using default registry
178 silly mapToRegistry registry https://registry.npmjs.org/
179 silly mapToRegistry data Result {
179 silly mapToRegistry   raw: 'mongodb-core',
179 silly mapToRegistry   scope: null,
179 silly mapToRegistry   escapedName: 'mongodb-core',
179 silly mapToRegistry   name: 'mongodb-core',
179 silly mapToRegistry   rawSpec: '',
179 silly mapToRegistry   spec: 'latest',
179 silly mapToRegistry   type: 'tag' }
180 silly mapToRegistry uri https://registry.npmjs.org/mongodb-core
181 verbose addNameVersion registry:https://registry.npmjs.org/mongodb-core not in flight; fetching
182 verbose get https://registry.npmjs.org/mongodb-core not expired, no request
183 silly mapToRegistry name mongodb-core
184 silly mapToRegistry using default registry
185 silly mapToRegistry registry https://registry.npmjs.org/
186 silly mapToRegistry data Result {
186 silly mapToRegistry   raw: 'mongodb-core',
186 silly mapToRegistry   scope: null,
186 silly mapToRegistry   escapedName: 'mongodb-core',
186 silly mapToRegistry   name: 'mongodb-core',
186 silly mapToRegistry   rawSpec: '',
186 silly mapToRegistry   spec: 'latest',
186 silly mapToRegistry   type: 'tag' }
187 silly mapToRegistry uri https://registry.npmjs.org/mongodb-core
188 verbose addRemoteTarball https://registry.npmjs.org/mongodb-core/-/mongodb-core-2.1.10.tgz not in flight; adding
189 verbose addRemoteTarball [ 'https://registry.npmjs.org/mongodb-core/-/mongodb-core-2.1.10.tgz',
189 verbose addRemoteTarball   'eb290681d196d3346a492161aa2ea0905e63151b' ]
190 info retry fetch attempt 1 at 10:41:38
191 info attempt registry request try #1 at 10:41:38
192 http fetch GET https://registry.npmjs.org/mongodb-core/-/mongodb-core-2.1.10.tgz
193 verbose request using bearer token for auth
194 http 200 https://registry.npmjs.org/es6-promise
195 verbose headers { server: 'nginx/1.10.1',
195 verbose headers   'content-type': 'application/json',
195 verbose headers   'last-modified': 'Thu, 04 May 2017 21:50:46 GMT',
195 verbose headers   etag: 'W/"590ba236-d8c4"',
195 verbose headers   'content-encoding': 'gzip',
195 verbose headers   'cache-control': 'max-age=300',
195 verbose headers   'transfer-encoding': 'chunked',
195 verbose headers   'accept-ranges': 'bytes',
195 verbose headers   date: 'Tue, 09 May 2017 09:41:38 GMT',
195 verbose headers   via: '1.1 varnish',
195 verbose headers   connection: 'keep-alive',
195 verbose headers   'x-served-by': 'cache-mad9421-MAD',
195 verbose headers   'x-cache': 'MISS',
195 verbose headers   'x-cache-hits': '0',
195 verbose headers   'x-timer': 'S1494322899.817027,VS0,VE47',
195 verbose headers   vary: 'Accept-Encoding' }
196 silly get cb [ 200,
196 silly get   { server: 'nginx/1.10.1',
196 silly get     'content-type': 'application/json',
196 silly get     'last-modified': 'Thu, 04 May 2017 21:50:46 GMT',
196 silly get     etag: 'W/"590ba236-d8c4"',
196 silly get     'content-encoding': 'gzip',
196 silly get     'cache-control': 'max-age=300',
196 silly get     'transfer-encoding': 'chunked',
196 silly get     'accept-ranges': 'bytes',
196 silly get     date: 'Tue, 09 May 2017 09:41:38 GMT',
196 silly get     via: '1.1 varnish',
196 silly get     connection: 'keep-alive',
196 silly get     'x-served-by': 'cache-mad9421-MAD',
196 silly get     'x-cache': 'MISS',
196 silly get     'x-cache-hits': '0',
196 silly get     'x-timer': 'S1494322899.817027,VS0,VE47',
196 silly get     vary: 'Accept-Encoding' } ]
197 verbose get saving es6-promise to /Users/Fer/.npm/registry.npmjs.org/es6-promise/.cache.json
198 verbose correctMkdir /Users/Fer/.npm correctMkdir not in flight; initializing
199 http 200 https://registry.npmjs.org/readable-stream
200 verbose headers { server: 'nginx/1.10.1',
200 verbose headers   'content-type': 'application/json',
200 verbose headers   'last-modified': 'Fri, 21 Apr 2017 19:02:02 GMT',
200 verbose headers   etag: 'W/"58fa572a-16109"',
200 verbose headers   'content-encoding': 'gzip',
200 verbose headers   'cache-control': 'max-age=300',
200 verbose headers   'transfer-encoding': 'chunked',
200 verbose headers   'accept-ranges': 'bytes',
200 verbose headers   date: 'Tue, 09 May 2017 09:41:38 GMT',
200 verbose headers   via: '1.1 varnish',
200 verbose headers   connection: 'keep-alive',
200 verbose headers   'x-served-by': 'cache-mad9420-MAD',
200 verbose headers   'x-cache': 'MISS',
200 verbose headers   'x-cache-hits': '0',
200 verbose headers   'x-timer': 'S1494322899.816659,VS0,VE47',
200 verbose headers   vary: 'Accept-Encoding' }
201 silly get cb [ 200,
201 silly get   { server: 'nginx/1.10.1',
201 silly get     'content-type': 'application/json',
201 silly get     'last-modified': 'Fri, 21 Apr 2017 19:02:02 GMT',
201 silly get     etag: 'W/"58fa572a-16109"',
201 silly get     'content-encoding': 'gzip',
201 silly get     'cache-control': 'max-age=300',
201 silly get     'transfer-encoding': 'chunked',
201 silly get     'accept-ranges': 'bytes',
201 silly get     date: 'Tue, 09 May 2017 09:41:38 GMT',
201 silly get     via: '1.1 varnish',
201 silly get     connection: 'keep-alive',
201 silly get     'x-served-by': 'cache-mad9420-MAD',
201 silly get     'x-cache': 'MISS',
201 silly get     'x-cache-hits': '0',
201 silly get     'x-timer': 'S1494322899.816659,VS0,VE47',
201 silly get     vary: 'Accept-Encoding' } ]
202 verbose get saving readable-stream to /Users/Fer/.npm/registry.npmjs.org/readable-stream/.cache.json
203 verbose correctMkdir /Users/Fer/.npm correctMkdir not in flight; initializing
204 silly resolveWithNewModule es6-promise@3.2.1 checking installable status
205 silly cache add args [ 'es6-promise@3.2.1', null ]
206 verbose cache add spec es6-promise@3.2.1
207 silly cache add parsed spec Result {
207 silly cache add   raw: 'es6-promise@3.2.1',
207 silly cache add   scope: null,
207 silly cache add   escapedName: 'es6-promise',
207 silly cache add   name: 'es6-promise',
207 silly cache add   rawSpec: '3.2.1',
207 silly cache add   spec: '3.2.1',
207 silly cache add   type: 'version' }
208 silly addNamed es6-promise@3.2.1
209 verbose addNamed "3.2.1" is a plain semver version for es6-promise
210 silly mapToRegistry name es6-promise
211 silly mapToRegistry using default registry
212 silly mapToRegistry registry https://registry.npmjs.org/
213 silly mapToRegistry data Result {
213 silly mapToRegistry   raw: 'es6-promise',
213 silly mapToRegistry   scope: null,
213 silly mapToRegistry   escapedName: 'es6-promise',
213 silly mapToRegistry   name: 'es6-promise',
213 silly mapToRegistry   rawSpec: '',
213 silly mapToRegistry   spec: 'latest',
213 silly mapToRegistry   type: 'tag' }
214 silly mapToRegistry uri https://registry.npmjs.org/es6-promise
215 verbose addNameVersion registry:https://registry.npmjs.org/es6-promise not in flight; fetching
216 silly resolveWithNewModule readable-stream@2.2.7 checking installable status
217 silly cache add args [ 'readable-stream@2.2.7', null ]
218 verbose cache add spec readable-stream@2.2.7
219 silly cache add parsed spec Result {
219 silly cache add   raw: 'readable-stream@2.2.7',
219 silly cache add   scope: null,
219 silly cache add   escapedName: 'readable-stream',
219 silly cache add   name: 'readable-stream',
219 silly cache add   rawSpec: '2.2.7',
219 silly cache add   spec: '2.2.7',
219 silly cache add   type: 'version' }
220 silly addNamed readable-stream@2.2.7
221 verbose addNamed "2.2.7" is a plain semver version for readable-stream
222 silly mapToRegistry name readable-stream
223 silly mapToRegistry using default registry
224 silly mapToRegistry registry https://registry.npmjs.org/
225 silly mapToRegistry data Result {
225 silly mapToRegistry   raw: 'readable-stream',
225 silly mapToRegistry   scope: null,
225 silly mapToRegistry   escapedName: 'readable-stream',
225 silly mapToRegistry   name: 'readable-stream',
225 silly mapToRegistry   rawSpec: '',
225 silly mapToRegistry   spec: 'latest',
225 silly mapToRegistry   type: 'tag' }
226 silly mapToRegistry uri https://registry.npmjs.org/readable-stream
227 verbose addNameVersion registry:https://registry.npmjs.org/readable-stream not in flight; fetching
228 verbose get https://registry.npmjs.org/readable-stream not expired, no request
229 verbose get https://registry.npmjs.org/es6-promise not expired, no request
230 silly mapToRegistry name readable-stream
231 silly mapToRegistry using default registry
232 silly mapToRegistry registry https://registry.npmjs.org/
233 silly mapToRegistry data Result {
233 silly mapToRegistry   raw: 'readable-stream',
233 silly mapToRegistry   scope: null,
233 silly mapToRegistry   escapedName: 'readable-stream',
233 silly mapToRegistry   name: 'readable-stream',
233 silly mapToRegistry   rawSpec: '',
233 silly mapToRegistry   spec: 'latest',
233 silly mapToRegistry   type: 'tag' }
234 silly mapToRegistry uri https://registry.npmjs.org/readable-stream
235 verbose addRemoteTarball https://registry.npmjs.org/readable-stream/-/readable-stream-2.2.7.tgz not in flight; adding
236 verbose addRemoteTarball [ 'https://registry.npmjs.org/readable-stream/-/readable-stream-2.2.7.tgz',
236 verbose addRemoteTarball   '07057acbe2467b22042d36f98c5ad507054e95b1' ]
237 silly mapToRegistry name es6-promise
238 silly mapToRegistry using default registry
239 silly mapToRegistry registry https://registry.npmjs.org/
240 silly mapToRegistry data Result {
240 silly mapToRegistry   raw: 'es6-promise',
240 silly mapToRegistry   scope: null,
240 silly mapToRegistry   escapedName: 'es6-promise',
240 silly mapToRegistry   name: 'es6-promise',
240 silly mapToRegistry   rawSpec: '',
240 silly mapToRegistry   spec: 'latest',
240 silly mapToRegistry   type: 'tag' }
241 silly mapToRegistry uri https://registry.npmjs.org/es6-promise
242 verbose addRemoteTarball https://registry.npmjs.org/es6-promise/-/es6-promise-3.2.1.tgz not in flight; adding
243 verbose addRemoteTarball [ 'https://registry.npmjs.org/es6-promise/-/es6-promise-3.2.1.tgz',
243 verbose addRemoteTarball   'ec56233868032909207170c39448e24449dd1fc4' ]
244 info retry fetch attempt 1 at 10:41:38
245 info attempt registry request try #1 at 10:41:38
246 http fetch GET https://registry.npmjs.org/readable-stream/-/readable-stream-2.2.7.tgz
247 verbose request using bearer token for auth
248 info retry fetch attempt 1 at 10:41:38
249 info attempt registry request try #1 at 10:41:38
250 http fetch GET https://registry.npmjs.org/es6-promise/-/es6-promise-3.2.1.tgz
251 verbose request using bearer token for auth
252 http fetch 200 https://registry.npmjs.org/mongodb-core/-/mongodb-core-2.1.10.tgz
253 http fetch 200 https://registry.npmjs.org/readable-stream/-/readable-stream-2.2.7.tgz
254 silly fetchAndShaCheck shasum eb290681d196d3346a492161aa2ea0905e63151b
255 verbose addTmpTarball /var/folders/1n/dhh6d8p13n72ndwl5x0r4gh00000gn/T/npm-842-68b779e2/registry.npmjs.org/mongodb-core/-/mongodb-core-2.1.10.tgz not in flight; adding
256 verbose addTmpTarball already have metadata; skipping unpack for mongodb-core@2.1.10
257 verbose correctMkdir /Users/Fer/.npm correctMkdir not in flight; initializing
258 silly cache afterAdd mongodb-core@2.1.10
259 verbose afterAdd /Users/Fer/.npm/mongodb-core/2.1.10/package/package.json not in flight; writing
260 verbose correctMkdir /Users/Fer/.npm correctMkdir not in flight; initializing
261 verbose afterAdd /Users/Fer/.npm/mongodb-core/2.1.10/package/package.json written
262 http fetch 200 https://registry.npmjs.org/es6-promise/-/es6-promise-3.2.1.tgz
263 silly fetchAndShaCheck shasum 07057acbe2467b22042d36f98c5ad507054e95b1
264 silly fetchAndShaCheck shasum ec56233868032909207170c39448e24449dd1fc4
265 verbose addTmpTarball /var/folders/1n/dhh6d8p13n72ndwl5x0r4gh00000gn/T/npm-842-68b779e2/registry.npmjs.org/readable-stream/-/readable-stream-2.2.7.tgz not in flight; adding
266 verbose addTmpTarball already have metadata; skipping unpack for readable-stream@2.2.7
267 verbose correctMkdir /Users/Fer/.npm correctMkdir not in flight; initializing
268 verbose addTmpTarball /var/folders/1n/dhh6d8p13n72ndwl5x0r4gh00000gn/T/npm-842-68b779e2/registry.npmjs.org/es6-promise/-/es6-promise-3.2.1.tgz not in flight; adding
269 verbose addTmpTarball already have metadata; skipping unpack for es6-promise@3.2.1
270 verbose correctMkdir /Users/Fer/.npm correctMkdir not in flight; initializing
271 silly cache afterAdd readable-stream@2.2.7
272 verbose afterAdd /Users/Fer/.npm/readable-stream/2.2.7/package/package.json not in flight; writing
273 verbose correctMkdir /Users/Fer/.npm correctMkdir not in flight; initializing
274 silly cache afterAdd es6-promise@3.2.1
275 verbose afterAdd /Users/Fer/.npm/es6-promise/3.2.1/package/package.json not in flight; writing
276 verbose correctMkdir /Users/Fer/.npm correctMkdir not in flight; initializing
277 verbose afterAdd /Users/Fer/.npm/readable-stream/2.2.7/package/package.json written
278 verbose afterAdd /Users/Fer/.npm/es6-promise/3.2.1/package/package.json written
279 silly fetchNamedPackageData bson
280 silly mapToRegistry name bson
281 silly mapToRegistry using default registry
282 silly mapToRegistry registry https://registry.npmjs.org/
283 silly mapToRegistry data Result {
283 silly mapToRegistry   raw: 'bson',
283 silly mapToRegistry   scope: null,
283 silly mapToRegistry   escapedName: 'bson',
283 silly mapToRegistry   name: 'bson',
283 silly mapToRegistry   rawSpec: '',
283 silly mapToRegistry   spec: 'latest',
283 silly mapToRegistry   type: 'tag' }
284 silly mapToRegistry uri https://registry.npmjs.org/bson
285 silly fetchNamedPackageData require_optional
286 silly mapToRegistry name require_optional
287 silly mapToRegistry using default registry
288 silly mapToRegistry registry https://registry.npmjs.org/
289 silly mapToRegistry data Result {
289 silly mapToRegistry   raw: 'require_optional',
289 silly mapToRegistry   scope: null,
289 silly mapToRegistry   escapedName: 'require_optional',
289 silly mapToRegistry   name: 'require_optional',
289 silly mapToRegistry   rawSpec: '',
289 silly mapToRegistry   spec: 'latest',
289 silly mapToRegistry   type: 'tag' }
290 silly mapToRegistry uri https://registry.npmjs.org/require_optional
291 verbose request uri https://registry.npmjs.org/bson
292 verbose request no auth needed
293 info attempt registry request try #1 at 10:41:39
294 verbose request using bearer token for auth
295 http request GET https://registry.npmjs.org/bson
296 verbose request uri https://registry.npmjs.org/require_optional
297 verbose request no auth needed
298 info attempt registry request try #1 at 10:41:39
299 verbose request using bearer token for auth
300 http request GET https://registry.npmjs.org/require_optional
301 http 200 https://registry.npmjs.org/require_optional
302 verbose headers { server: 'nginx/1.10.1',
302 verbose headers   'content-type': 'application/json',
302 verbose headers   'last-modified': 'Wed, 03 Feb 2016 12:52:17 GMT',
302 verbose headers   etag: 'W/"56b1f801-9b2"',
302 verbose headers   'content-encoding': 'gzip',
302 verbose headers   'cache-control': 'max-age=300',
302 verbose headers   'transfer-encoding': 'chunked',
302 verbose headers   'accept-ranges': 'bytes',
302 verbose headers   date: 'Tue, 09 May 2017 09:41:39 GMT',
302 verbose headers   via: '1.1 varnish',
302 verbose headers   connection: 'keep-alive',
302 verbose headers   'x-served-by': 'cache-mad9420-MAD',
302 verbose headers   'x-cache': 'MISS',
302 verbose headers   'x-cache-hits': '0',
302 verbose headers   'x-timer': 'S1494322899.103342,VS0,VE35',
302 verbose headers   vary: 'Accept-Encoding' }
303 silly get cb [ 200,
303 silly get   { server: 'nginx/1.10.1',
303 silly get     'content-type': 'application/json',
303 silly get     'last-modified': 'Wed, 03 Feb 2016 12:52:17 GMT',
303 silly get     etag: 'W/"56b1f801-9b2"',
303 silly get     'content-encoding': 'gzip',
303 silly get     'cache-control': 'max-age=300',
303 silly get     'transfer-encoding': 'chunked',
303 silly get     'accept-ranges': 'bytes',
303 silly get     date: 'Tue, 09 May 2017 09:41:39 GMT',
303 silly get     via: '1.1 varnish',
303 silly get     connection: 'keep-alive',
303 silly get     'x-served-by': 'cache-mad9420-MAD',
303 silly get     'x-cache': 'MISS',
303 silly get     'x-cache-hits': '0',
303 silly get     'x-timer': 'S1494322899.103342,VS0,VE35',
303 silly get     vary: 'Accept-Encoding' } ]
304 verbose get saving require_optional to /Users/Fer/.npm/registry.npmjs.org/require_optional/.cache.json
305 verbose correctMkdir /Users/Fer/.npm correctMkdir not in flight; initializing
306 http 200 https://registry.npmjs.org/bson
307 verbose headers { server: 'nginx/1.10.1',
307 verbose headers   'content-type': 'application/json',
307 verbose headers   'last-modified': 'Sun, 30 Apr 2017 22:26:09 GMT',
307 verbose headers   etag: 'W/"59066481-1af09"',
307 verbose headers   'content-encoding': 'gzip',
307 verbose headers   'cache-control': 'max-age=300',
307 verbose headers   'transfer-encoding': 'chunked',
307 verbose headers   'accept-ranges': 'bytes',
307 verbose headers   date: 'Tue, 09 May 2017 09:41:39 GMT',
307 verbose headers   via: '1.1 varnish',
307 verbose headers   connection: 'keep-alive',
307 verbose headers   'x-served-by': 'cache-mad9428-MAD',
307 verbose headers   'x-cache': 'MISS',
307 verbose headers   'x-cache-hits': '0',
307 verbose headers   'x-timer': 'S1494322899.101320,VS0,VE35',
307 verbose headers   vary: 'Accept-Encoding' }
308 silly get cb [ 200,
308 silly get   { server: 'nginx/1.10.1',
308 silly get     'content-type': 'application/json',
308 silly get     'last-modified': 'Sun, 30 Apr 2017 22:26:09 GMT',
308 silly get     etag: 'W/"59066481-1af09"',
308 silly get     'content-encoding': 'gzip',
308 silly get     'cache-control': 'max-age=300',
308 silly get     'transfer-encoding': 'chunked',
308 silly get     'accept-ranges': 'bytes',
308 silly get     date: 'Tue, 09 May 2017 09:41:39 GMT',
308 silly get     via: '1.1 varnish',
308 silly get     connection: 'keep-alive',
308 silly get     'x-served-by': 'cache-mad9428-MAD',
308 silly get     'x-cache': 'MISS',
308 silly get     'x-cache-hits': '0',
308 silly get     'x-timer': 'S1494322899.101320,VS0,VE35',
308 silly get     vary: 'Accept-Encoding' } ]
309 verbose get saving bson to /Users/Fer/.npm/registry.npmjs.org/bson/.cache.json
310 verbose correctMkdir /Users/Fer/.npm correctMkdir not in flight; initializing
311 silly resolveWithNewModule require_optional@1.0.0 checking installable status
312 silly cache add args [ 'require_optional@~1.0.0', null ]
313 verbose cache add spec require_optional@~1.0.0
314 silly cache add parsed spec Result {
314 silly cache add   raw: 'require_optional@~1.0.0',
314 silly cache add   scope: null,
314 silly cache add   escapedName: 'require_optional',
314 silly cache add   name: 'require_optional',
314 silly cache add   rawSpec: '~1.0.0',
314 silly cache add   spec: '>=1.0.0 <1.1.0',
314 silly cache add   type: 'range' }
315 silly addNamed require_optional@>=1.0.0 <1.1.0
316 verbose addNamed ">=1.0.0 <1.1.0" is a valid semver range for require_optional
317 silly addNameRange { name: 'require_optional',
317 silly addNameRange   range: '>=1.0.0 <1.1.0',
317 silly addNameRange   hasData: false }
318 silly mapToRegistry name require_optional
319 silly mapToRegistry using default registry
320 silly mapToRegistry registry https://registry.npmjs.org/
321 silly mapToRegistry data Result {
321 silly mapToRegistry   raw: 'require_optional',
321 silly mapToRegistry   scope: null,
321 silly mapToRegistry   escapedName: 'require_optional',
321 silly mapToRegistry   name: 'require_optional',
321 silly mapToRegistry   rawSpec: '',
321 silly mapToRegistry   spec: 'latest',
321 silly mapToRegistry   type: 'tag' }
322 silly mapToRegistry uri https://registry.npmjs.org/require_optional
323 verbose addNameRange registry:https://registry.npmjs.org/require_optional not in flight; fetching
324 verbose get https://registry.npmjs.org/require_optional not expired, no request
325 silly addNameRange number 2 { name: 'require_optional',
325 silly addNameRange   range: '>=1.0.0 <1.1.0',
325 silly addNameRange   hasData: true }
326 silly addNameRange versions [ 'require_optional', [ '1.0.0' ] ]
327 silly addNamed require_optional@1.0.0
328 verbose addNamed "1.0.0" is a plain semver version for require_optional
329 silly mapToRegistry name require_optional
330 silly mapToRegistry using default registry
331 silly mapToRegistry registry https://registry.npmjs.org/
332 silly mapToRegistry data Result {
332 silly mapToRegistry   raw: 'require_optional',
332 silly mapToRegistry   scope: null,
332 silly mapToRegistry   escapedName: 'require_optional',
332 silly mapToRegistry   name: 'require_optional',
332 silly mapToRegistry   rawSpec: '',
332 silly mapToRegistry   spec: 'latest',
332 silly mapToRegistry   type: 'tag' }
333 silly mapToRegistry uri https://registry.npmjs.org/require_optional
334 verbose addRemoteTarball https://registry.npmjs.org/require_optional/-/require_optional-1.0.0.tgz not in flight; adding
335 verbose addRemoteTarball [ 'https://registry.npmjs.org/require_optional/-/require_optional-1.0.0.tgz',
335 verbose addRemoteTarball   '52a86137a849728eb60a55533617f8f914f59abf' ]
336 info retry fetch attempt 1 at 10:41:39
337 info attempt registry request try #1 at 10:41:39
338 http fetch GET https://registry.npmjs.org/require_optional/-/require_optional-1.0.0.tgz
339 verbose request using bearer token for auth
340 silly resolveWithNewModule bson@1.0.4 checking installable status
341 silly cache add args [ 'bson@~1.0.4', null ]
342 verbose cache add spec bson@~1.0.4
343 silly cache add parsed spec Result {
343 silly cache add   raw: 'bson@~1.0.4',
343 silly cache add   scope: null,
343 silly cache add   escapedName: 'bson',
343 silly cache add   name: 'bson',
343 silly cache add   rawSpec: '~1.0.4',
343 silly cache add   spec: '>=1.0.4 <1.1.0',
343 silly cache add   type: 'range' }
344 silly addNamed bson@>=1.0.4 <1.1.0
345 verbose addNamed ">=1.0.4 <1.1.0" is a valid semver range for bson
346 silly addNameRange { name: 'bson', range: '>=1.0.4 <1.1.0', hasData: false }
347 silly mapToRegistry name bson
348 silly mapToRegistry using default registry
349 silly mapToRegistry registry https://registry.npmjs.org/
350 silly mapToRegistry data Result {
350 silly mapToRegistry   raw: 'bson',
350 silly mapToRegistry   scope: null,
350 silly mapToRegistry   escapedName: 'bson',
350 silly mapToRegistry   name: 'bson',
350 silly mapToRegistry   rawSpec: '',
350 silly mapToRegistry   spec: 'latest',
350 silly mapToRegistry   type: 'tag' }
351 silly mapToRegistry uri https://registry.npmjs.org/bson
352 verbose addNameRange registry:https://registry.npmjs.org/bson not in flight; fetching
353 verbose get https://registry.npmjs.org/bson not expired, no request
354 silly addNameRange number 2 { name: 'bson', range: '>=1.0.4 <1.1.0', hasData: true }
355 silly addNameRange versions [ 'bson',
355 silly addNameRange   [ '0.0.1',
355 silly addNameRange     '0.0.2',
355 silly addNameRange     '0.0.3',
355 silly addNameRange     '0.0.4',
355 silly addNameRange     '0.0.5',
355 silly addNameRange     '0.0.6',
355 silly addNameRange     '0.0.7',
355 silly addNameRange     '0.0.8',
355 silly addNameRange     '0.0.9',
355 silly addNameRange     '0.1.0',
355 silly addNameRange     '0.1.1',
355 silly addNameRange     '0.1.3',
355 silly addNameRange     '0.1.4',
355 silly addNameRange     '0.1.5',
355 silly addNameRange     '0.1.6',
355 silly addNameRange     '0.1.7',
355 silly addNameRange     '0.1.8',
355 silly addNameRange     '0.1.9',
355 silly addNameRange     '0.2.0',
355 silly addNameRange     '0.2.1',
355 silly addNameRange     '0.2.2',
355 silly addNameRange     '0.2.3',
355 silly addNameRange     '0.2.4',
355 silly addNameRange     '0.2.5',
355 silly addNameRange     '0.2.6',
355 silly addNameRange     '0.2.7',
355 silly addNameRange     '0.2.8',
355 silly addNameRange     '0.2.9',
355 silly addNameRange     '0.2.10',
355 silly addNameRange     '0.2.11',
355 silly addNameRange     '0.2.12',
355 silly addNameRange     '0.2.13',
355 silly addNameRange     '0.2.14',
355 silly addNameRange     '0.2.15',
355 silly addNameRange     '0.2.16',
355 silly addNameRange     '0.2.17',
355 silly addNameRange     '0.2.18',
355 silly addNameRange     '0.2.19',
355 silly addNameRange     '0.2.20',
355 silly addNameRange     '0.2.21',
355 silly addNameRange     '0.3.0',
355 silly addNameRange     '0.3.1',
355 silly addNameRange     '0.3.2',
355 silly addNameRange     '0.4.0',
355 silly addNameRange     '0.4.1',
355 silly addNameRange     '0.4.2',
355 silly addNameRange     '0.4.3',
355 silly addNameRange     '0.4.4',
355 silly addNameRange     '0.4.5',
355 silly addNameRange     '0.4.6',
355 silly addNameRange     '0.4.7',
355 silly addNameRange     '0.4.8',
355 silly addNameRange     '0.2.22',
355 silly addNameRange     '0.4.10',
355 silly addNameRange     '0.4.12',
355 silly addNameRange     '0.4.13',
355 silly addNameRange     '0.4.14',
355 silly addNameRange     '0.4.15',
355 silly addNameRange     '0.4.16',
355 silly addNameRange     '0.4.17',
355 silly addNameRange     '0.4.18',
355 silly addNameRange     '0.4.19',
355 silly addNameRange     '0.4.20',
355 silly addNameRange     '0.4.21',
355 silly addNameRange     '0.4.22',
355 silly addNameRange     '0.4.23',
355 silly addNameRange     '0.5.0',
355 silly addNameRange     '0.5.1',
355 silly addNameRange     '0.5.2',
355 silly addNameRange     '0.5.3',
355 silly addNameRange     '0.5.4',
355 silly addNameRange     '0.5.5',
355 silly addNameRange     '0.5.6',
355 silly addNameRange     '0.5.7',
355 silly addNameRange     '1.0.0',
355 silly addNameRange     '1.0.1',
355 silly addNameRange     '1.0.2',
355 silly addNameRange     '1.0.3',
355 silly addNameRange     '1.0.4' ] ]
356 silly addNamed bson@1.0.4
357 verbose addNamed "1.0.4" is a plain semver version for bson
358 silly mapToRegistry name bson
359 silly mapToRegistry using default registry
360 silly mapToRegistry registry https://registry.npmjs.org/
361 silly mapToRegistry data Result {
361 silly mapToRegistry   raw: 'bson',
361 silly mapToRegistry   scope: null,
361 silly mapToRegistry   escapedName: 'bson',
361 silly mapToRegistry   name: 'bson',
361 silly mapToRegistry   rawSpec: '',
361 silly mapToRegistry   spec: 'latest',
361 silly mapToRegistry   type: 'tag' }
362 silly mapToRegistry uri https://registry.npmjs.org/bson
363 verbose addRemoteTarball https://registry.npmjs.org/bson/-/bson-1.0.4.tgz not in flight; adding
364 verbose addRemoteTarball [ 'https://registry.npmjs.org/bson/-/bson-1.0.4.tgz',
364 verbose addRemoteTarball   '93c10d39eaa5b58415cbc4052f3e53e562b0b72c' ]
365 info retry fetch attempt 1 at 10:41:39
366 info attempt registry request try #1 at 10:41:39
367 http fetch GET https://registry.npmjs.org/bson/-/bson-1.0.4.tgz
368 verbose request using bearer token for auth
369 http fetch 200 https://registry.npmjs.org/bson/-/bson-1.0.4.tgz
370 http fetch 200 https://registry.npmjs.org/require_optional/-/require_optional-1.0.0.tgz
371 silly fetchAndShaCheck shasum 52a86137a849728eb60a55533617f8f914f59abf
372 verbose addTmpTarball /var/folders/1n/dhh6d8p13n72ndwl5x0r4gh00000gn/T/npm-842-68b779e2/registry.npmjs.org/require_optional/-/require_optional-1.0.0.tgz not in flight; adding
373 verbose addTmpTarball already have metadata; skipping unpack for require_optional@1.0.0
374 verbose correctMkdir /Users/Fer/.npm correctMkdir not in flight; initializing
375 silly cache afterAdd require_optional@1.0.0
376 verbose afterAdd /Users/Fer/.npm/require_optional/1.0.0/package/package.json not in flight; writing
377 verbose correctMkdir /Users/Fer/.npm correctMkdir not in flight; initializing
378 verbose afterAdd /Users/Fer/.npm/require_optional/1.0.0/package/package.json written
379 silly fetchAndShaCheck shasum 93c10d39eaa5b58415cbc4052f3e53e562b0b72c
380 verbose addTmpTarball /var/folders/1n/dhh6d8p13n72ndwl5x0r4gh00000gn/T/npm-842-68b779e2/registry.npmjs.org/bson/-/bson-1.0.4.tgz not in flight; adding
381 verbose addTmpTarball already have metadata; skipping unpack for bson@1.0.4
382 verbose correctMkdir /Users/Fer/.npm correctMkdir not in flight; initializing
383 silly cache afterAdd bson@1.0.4
384 verbose afterAdd /Users/Fer/.npm/bson/1.0.4/package/package.json not in flight; writing
385 verbose correctMkdir /Users/Fer/.npm correctMkdir not in flight; initializing
386 verbose afterAdd /Users/Fer/.npm/bson/1.0.4/package/package.json written
387 silly fetchNamedPackageData semver
388 silly mapToRegistry name semver
389 silly mapToRegistry using default registry
390 silly mapToRegistry registry https://registry.npmjs.org/
391 silly mapToRegistry data Result {
391 silly mapToRegistry   raw: 'semver',
391 silly mapToRegistry   scope: null,
391 silly mapToRegistry   escapedName: 'semver',
391 silly mapToRegistry   name: 'semver',
391 silly mapToRegistry   rawSpec: '',
391 silly mapToRegistry   spec: 'latest',
391 silly mapToRegistry   type: 'tag' }
392 silly mapToRegistry uri https://registry.npmjs.org/semver
393 silly fetchNamedPackageData resolve-from
394 silly mapToRegistry name resolve-from
395 silly mapToRegistry using default registry
396 silly mapToRegistry registry https://registry.npmjs.org/
397 silly mapToRegistry data Result {
397 silly mapToRegistry   raw: 'resolve-from',
397 silly mapToRegistry   scope: null,
397 silly mapToRegistry   escapedName: 'resolve-from',
397 silly mapToRegistry   name: 'resolve-from',
397 silly mapToRegistry   rawSpec: '',
397 silly mapToRegistry   spec: 'latest',
397 silly mapToRegistry   type: 'tag' }
398 silly mapToRegistry uri https://registry.npmjs.org/resolve-from
399 verbose request uri https://registry.npmjs.org/resolve-from
400 verbose request no auth needed
401 info attempt registry request try #1 at 10:41:39
402 verbose request using bearer token for auth
403 http request GET https://registry.npmjs.org/resolve-from
404 verbose request uri https://registry.npmjs.org/semver
405 verbose request no auth needed
406 info attempt registry request try #1 at 10:41:39
407 verbose request using bearer token for auth
408 verbose etag W/"58f52327-11bd1"
409 verbose lastModified Mon, 17 Apr 2017 20:18:47 GMT
410 http request GET https://registry.npmjs.org/semver
411 http 200 https://registry.npmjs.org/resolve-from
412 verbose headers { server: 'nginx/1.10.1',
412 verbose headers   'content-type': 'application/json',
412 verbose headers   'last-modified': 'Fri, 28 Apr 2017 07:58:15 GMT',
412 verbose headers   etag: 'W/"5902f617-1d04"',
412 verbose headers   'content-encoding': 'gzip',
412 verbose headers   'cache-control': 'max-age=300',
412 verbose headers   'transfer-encoding': 'chunked',
412 verbose headers   'accept-ranges': 'bytes',
412 verbose headers   date: 'Tue, 09 May 2017 09:41:39 GMT',
412 verbose headers   via: '1.1 varnish',
412 verbose headers   connection: 'keep-alive',
412 verbose headers   'x-served-by': 'cache-mad9420-MAD',
412 verbose headers   'x-cache': 'MISS',
412 verbose headers   'x-cache-hits': '0',
412 verbose headers   'x-timer': 'S1494322899.393455,VS0,VE35',
412 verbose headers   vary: 'Accept-Encoding' }
413 silly get cb [ 200,
413 silly get   { server: 'nginx/1.10.1',
413 silly get     'content-type': 'application/json',
413 silly get     'last-modified': 'Fri, 28 Apr 2017 07:58:15 GMT',
413 silly get     etag: 'W/"5902f617-1d04"',
413 silly get     'content-encoding': 'gzip',
413 silly get     'cache-control': 'max-age=300',
413 silly get     'transfer-encoding': 'chunked',
413 silly get     'accept-ranges': 'bytes',
413 silly get     date: 'Tue, 09 May 2017 09:41:39 GMT',
413 silly get     via: '1.1 varnish',
413 silly get     connection: 'keep-alive',
413 silly get     'x-served-by': 'cache-mad9420-MAD',
413 silly get     'x-cache': 'MISS',
413 silly get     'x-cache-hits': '0',
413 silly get     'x-timer': 'S1494322899.393455,VS0,VE35',
413 silly get     vary: 'Accept-Encoding' } ]
414 verbose get saving resolve-from to /Users/Fer/.npm/registry.npmjs.org/resolve-from/.cache.json
415 verbose correctMkdir /Users/Fer/.npm correctMkdir not in flight; initializing
416 http 200 https://registry.npmjs.org/semver
417 verbose headers { server: 'nginx/1.10.1',
417 verbose headers   'content-type': 'application/json',
417 verbose headers   'last-modified': 'Thu, 04 May 2017 06:44:26 GMT',
417 verbose headers   etag: 'W/"590acdca-11c00"',
417 verbose headers   'content-encoding': 'gzip',
417 verbose headers   'cache-control': 'max-age=300',
417 verbose headers   'transfer-encoding': 'chunked',
417 verbose headers   'accept-ranges': 'bytes',
417 verbose headers   date: 'Tue, 09 May 2017 09:41:39 GMT',
417 verbose headers   via: '1.1 varnish',
417 verbose headers   connection: 'keep-alive',
417 verbose headers   'x-served-by': 'cache-mad9421-MAD',
417 verbose headers   'x-cache': 'MISS',
417 verbose headers   'x-cache-hits': '0',
417 verbose headers   'x-timer': 'S1494322899.394747,VS0,VE37',
417 verbose headers   vary: 'Accept-Encoding' }
418 silly get cb [ 200,
418 silly get   { server: 'nginx/1.10.1',
418 silly get     'content-type': 'application/json',
418 silly get     'last-modified': 'Thu, 04 May 2017 06:44:26 GMT',
418 silly get     etag: 'W/"590acdca-11c00"',
418 silly get     'content-encoding': 'gzip',
418 silly get     'cache-control': 'max-age=300',
418 silly get     'transfer-encoding': 'chunked',
418 silly get     'accept-ranges': 'bytes',
418 silly get     date: 'Tue, 09 May 2017 09:41:39 GMT',
418 silly get     via: '1.1 varnish',
418 silly get     connection: 'keep-alive',
418 silly get     'x-served-by': 'cache-mad9421-MAD',
418 silly get     'x-cache': 'MISS',
418 silly get     'x-cache-hits': '0',
418 silly get     'x-timer': 'S1494322899.394747,VS0,VE37',
418 silly get     vary: 'Accept-Encoding' } ]
419 verbose get saving semver to /Users/Fer/.npm/registry.npmjs.org/semver/.cache.json
420 verbose correctMkdir /Users/Fer/.npm correctMkdir not in flight; initializing
421 silly resolveWithNewModule resolve-from@2.0.0 checking installable status
422 silly cache add args [ 'resolve-from@^2.0.0', null ]
423 verbose cache add spec resolve-from@^2.0.0
424 silly cache add parsed spec Result {
424 silly cache add   raw: 'resolve-from@^2.0.0',
424 silly cache add   scope: null,
424 silly cache add   escapedName: 'resolve-from',
424 silly cache add   name: 'resolve-from',
424 silly cache add   rawSpec: '^2.0.0',
424 silly cache add   spec: '>=2.0.0 <3.0.0',
424 silly cache add   type: 'range' }
425 silly addNamed resolve-from@>=2.0.0 <3.0.0
426 verbose addNamed ">=2.0.0 <3.0.0" is a valid semver range for resolve-from
427 silly addNameRange { name: 'resolve-from', range: '>=2.0.0 <3.0.0', hasData: false }
428 silly mapToRegistry name resolve-from
429 silly mapToRegistry using default registry
430 silly mapToRegistry registry https://registry.npmjs.org/
431 silly mapToRegistry data Result {
431 silly mapToRegistry   raw: 'resolve-from',
431 silly mapToRegistry   scope: null,
431 silly mapToRegistry   escapedName: 'resolve-from',
431 silly mapToRegistry   name: 'resolve-from',
431 silly mapToRegistry   rawSpec: '',
431 silly mapToRegistry   spec: 'latest',
431 silly mapToRegistry   type: 'tag' }
432 silly mapToRegistry uri https://registry.npmjs.org/resolve-from
433 verbose addNameRange registry:https://registry.npmjs.org/resolve-from not in flight; fetching
434 verbose get https://registry.npmjs.org/resolve-from not expired, no request
435 silly addNameRange number 2 { name: 'resolve-from', range: '>=2.0.0 <3.0.0', hasData: true }
436 silly addNameRange versions [ 'resolve-from', [ '1.0.0', '1.0.1', '2.0.0', '3.0.0' ] ]
437 silly addNamed resolve-from@2.0.0
438 verbose addNamed "2.0.0" is a plain semver version for resolve-from
439 silly mapToRegistry name resolve-from
440 silly mapToRegistry using default registry
441 silly mapToRegistry registry https://registry.npmjs.org/
442 silly mapToRegistry data Result {
442 silly mapToRegistry   raw: 'resolve-from',
442 silly mapToRegistry   scope: null,
442 silly mapToRegistry   escapedName: 'resolve-from',
442 silly mapToRegistry   name: 'resolve-from',
442 silly mapToRegistry   rawSpec: '',
442 silly mapToRegistry   spec: 'latest',
442 silly mapToRegistry   type: 'tag' }
443 silly mapToRegistry uri https://registry.npmjs.org/resolve-from
444 verbose addRemoteTarball https://registry.npmjs.org/resolve-from/-/resolve-from-2.0.0.tgz not in flight; adding
445 verbose addRemoteTarball [ 'https://registry.npmjs.org/resolve-from/-/resolve-from-2.0.0.tgz',
445 verbose addRemoteTarball   '9480ab20e94ffa1d9e80a804c7ea147611966b57' ]
446 silly resolveWithNewModule semver@5.3.0 checking installable status
447 silly cache add args [ 'semver@^5.1.0', null ]
448 verbose cache add spec semver@^5.1.0
449 silly cache add parsed spec Result {
449 silly cache add   raw: 'semver@^5.1.0',
449 silly cache add   scope: null,
449 silly cache add   escapedName: 'semver',
449 silly cache add   name: 'semver',
449 silly cache add   rawSpec: '^5.1.0',
449 silly cache add   spec: '>=5.1.0 <6.0.0',
449 silly cache add   type: 'range' }
450 silly addNamed semver@>=5.1.0 <6.0.0
451 verbose addNamed ">=5.1.0 <6.0.0" is a valid semver range for semver
452 silly addNameRange { name: 'semver', range: '>=5.1.0 <6.0.0', hasData: false }
453 silly mapToRegistry name semver
454 silly mapToRegistry using default registry
455 silly mapToRegistry registry https://registry.npmjs.org/
456 silly mapToRegistry data Result {
456 silly mapToRegistry   raw: 'semver',
456 silly mapToRegistry   scope: null,
456 silly mapToRegistry   escapedName: 'semver',
456 silly mapToRegistry   name: 'semver',
456 silly mapToRegistry   rawSpec: '',
456 silly mapToRegistry   spec: 'latest',
456 silly mapToRegistry   type: 'tag' }
457 silly mapToRegistry uri https://registry.npmjs.org/semver
458 verbose addNameRange registry:https://registry.npmjs.org/semver not in flight; fetching
459 info retry fetch attempt 1 at 10:41:39
460 info attempt registry request try #1 at 10:41:39
461 http fetch GET https://registry.npmjs.org/resolve-from/-/resolve-from-2.0.0.tgz
462 verbose request using bearer token for auth
463 verbose get https://registry.npmjs.org/semver not expired, no request
464 silly addNameRange number 2 { name: 'semver', range: '>=5.1.0 <6.0.0', hasData: true }
465 silly addNameRange versions [ 'semver',
465 silly addNameRange   [ '1.0.0',
465 silly addNameRange     '1.0.1',
465 silly addNameRange     '1.0.2',
465 silly addNameRange     '1.0.3',
465 silly addNameRange     '1.0.4',
465 silly addNameRange     '1.0.5',
465 silly addNameRange     '1.0.6',
465 silly addNameRange     '1.0.7',
465 silly addNameRange     '1.0.8',
465 silly addNameRange     '1.0.9',
465 silly addNameRange     '1.0.10',
465 silly addNameRange     '1.0.11',
465 silly addNameRange     '1.0.12',
465 silly addNameRange     '1.0.13',
465 silly addNameRange     '1.0.14',
465 silly addNameRange     '1.1.0',
465 silly addNameRange     '1.1.1',
465 silly addNameRange     '1.1.2',
465 silly addNameRange     '1.1.3',
465 silly addNameRange     '1.1.4',
465 silly addNameRange     '2.0.0-alpha',
465 silly addNameRange     '2.0.0-beta',
465 silly addNameRange     '2.0.1',
465 silly addNameRange     '2.0.2',
465 silly addNameRange     '2.0.3',
465 silly addNameRange     '2.0.4',
465 silly addNameRange     '2.0.5',
465 silly addNameRange     '2.0.6',
465 silly addNameRange     '2.0.7',
465 silly addNameRange     '2.0.8',
465 silly addNameRange     '2.0.9',
465 silly addNameRange     '2.0.10',
465 silly addNameRange     '2.0.11',
465 silly addNameRange     '2.1.0',
465 silly addNameRange     '2.2.0',
465 silly addNameRange     '2.2.1',
465 silly addNameRange     '2.3.0',
465 silly addNameRange     '2.3.1',
465 silly addNameRange     '2.3.2',
465 silly addNameRange     '3.0.0',
465 silly addNameRange     '3.0.1',
465 silly addNameRange     '4.0.0',
465 silly addNameRange     '4.0.2',
465 silly addNameRange     '4.0.3',
465 silly addNameRange     '4.1.0',
465 silly addNameRange     '4.1.1',
465 silly addNameRange     '4.2.0',
465 silly addNameRange     '4.2.1',
465 silly addNameRange     '4.2.2',
465 silly addNameRange     '4.3.0',
465 silly addNameRange     '4.3.1',
465 silly addNameRange     '4.3.2',
465 silly addNameRange     '4.3.3',
465 silly addNameRange     '4.3.4',
465 silly addNameRange     '4.3.5',
465 silly addNameRange     '4.3.6',
465 silly addNameRange     '5.0.0',
465 silly addNameRange     '5.0.1',
465 silly addNameRange     '5.0.2',
465 silly addNameRange     '5.0.3',
465 silly addNameRange     '5.1.0',
465 silly addNameRange     '5.1.1',
465 silly addNameRange     '5.2.0',
465 silly addNameRange     '5.3.0' ] ]
466 silly addNamed semver@5.3.0
467 verbose addNamed "5.3.0" is a plain semver version for semver
468 silly cache afterAdd semver@5.3.0
469 verbose afterAdd /Users/Fer/.npm/semver/5.3.0/package/package.json not in flight; writing
470 verbose correctMkdir /Users/Fer/.npm correctMkdir not in flight; initializing
471 verbose afterAdd /Users/Fer/.npm/semver/5.3.0/package/package.json written
472 http fetch 200 https://registry.npmjs.org/resolve-from/-/resolve-from-2.0.0.tgz
473 silly fetchAndShaCheck shasum 9480ab20e94ffa1d9e80a804c7ea147611966b57
474 verbose addTmpTarball /var/folders/1n/dhh6d8p13n72ndwl5x0r4gh00000gn/T/npm-842-68b779e2/registry.npmjs.org/resolve-from/-/resolve-from-2.0.0.tgz not in flight; adding
475 verbose addTmpTarball already have metadata; skipping unpack for resolve-from@2.0.0
476 verbose correctMkdir /Users/Fer/.npm correctMkdir not in flight; initializing
477 silly cache afterAdd resolve-from@2.0.0
478 verbose afterAdd /Users/Fer/.npm/resolve-from/2.0.0/package/package.json not in flight; writing
479 verbose correctMkdir /Users/Fer/.npm correctMkdir not in flight; initializing
480 verbose afterAdd /Users/Fer/.npm/resolve-from/2.0.0/package/package.json written
481 silly fetchNamedPackageData buffer-shims
482 silly mapToRegistry name buffer-shims
483 silly mapToRegistry using default registry
484 silly mapToRegistry registry https://registry.npmjs.org/
485 silly mapToRegistry data Result {
485 silly mapToRegistry   raw: 'buffer-shims',
485 silly mapToRegistry   scope: null,
485 silly mapToRegistry   escapedName: 'buffer-shims',
485 silly mapToRegistry   name: 'buffer-shims',
485 silly mapToRegistry   rawSpec: '',
485 silly mapToRegistry   spec: 'latest',
485 silly mapToRegistry   type: 'tag' }
486 silly mapToRegistry uri https://registry.npmjs.org/buffer-shims
487 silly fetchNamedPackageData core-util-is
488 silly mapToRegistry name core-util-is
489 silly mapToRegistry using default registry
490 silly mapToRegistry registry https://registry.npmjs.org/
491 silly mapToRegistry data Result {
491 silly mapToRegistry   raw: 'core-util-is',
491 silly mapToRegistry   scope: null,
491 silly mapToRegistry   escapedName: 'core-util-is',
491 silly mapToRegistry   name: 'core-util-is',
491 silly mapToRegistry   rawSpec: '',
491 silly mapToRegistry   spec: 'latest',
491 silly mapToRegistry   type: 'tag' }
492 silly mapToRegistry uri https://registry.npmjs.org/core-util-is
493 silly fetchNamedPackageData isarray
494 silly mapToRegistry name isarray
495 silly mapToRegistry using default registry
496 silly mapToRegistry registry https://registry.npmjs.org/
497 silly mapToRegistry data Result {
497 silly mapToRegistry   raw: 'isarray',
497 silly mapToRegistry   scope: null,
497 silly mapToRegistry   escapedName: 'isarray',
497 silly mapToRegistry   name: 'isarray',
497 silly mapToRegistry   rawSpec: '',
497 silly mapToRegistry   spec: 'latest',
497 silly mapToRegistry   type: 'tag' }
498 silly mapToRegistry uri https://registry.npmjs.org/isarray
499 silly fetchNamedPackageData inherits
500 silly mapToRegistry name inherits
501 silly mapToRegistry using default registry
502 silly mapToRegistry registry https://registry.npmjs.org/
503 silly mapToRegistry data Result {
503 silly mapToRegistry   raw: 'inherits',
503 silly mapToRegistry   scope: null,
503 silly mapToRegistry   escapedName: 'inherits',
503 silly mapToRegistry   name: 'inherits',
503 silly mapToRegistry   rawSpec: '',
503 silly mapToRegistry   spec: 'latest',
503 silly mapToRegistry   type: 'tag' }
504 silly mapToRegistry uri https://registry.npmjs.org/inherits
505 silly fetchNamedPackageData process-nextick-args
506 silly mapToRegistry name process-nextick-args
507 silly mapToRegistry using default registry
508 silly mapToRegistry registry https://registry.npmjs.org/
509 silly mapToRegistry data Result {
509 silly mapToRegistry   raw: 'process-nextick-args',
509 silly mapToRegistry   scope: null,
509 silly mapToRegistry   escapedName: 'process-nextick-args',
509 silly mapToRegistry   name: 'process-nextick-args',
509 silly mapToRegistry   rawSpec: '',
509 silly mapToRegistry   spec: 'latest',
509 silly mapToRegistry   type: 'tag' }
510 silly mapToRegistry uri https://registry.npmjs.org/process-nextick-args
511 silly fetchNamedPackageData string_decoder
512 silly mapToRegistry name string_decoder
513 silly mapToRegistry using default registry
514 silly mapToRegistry registry https://registry.npmjs.org/
515 silly mapToRegistry data Result {
515 silly mapToRegistry   raw: 'string_decoder',
515 silly mapToRegistry   scope: null,
515 silly mapToRegistry   escapedName: 'string_decoder',
515 silly mapToRegistry   name: 'string_decoder',
515 silly mapToRegistry   rawSpec: '',
515 silly mapToRegistry   spec: 'latest',
515 silly mapToRegistry   type: 'tag' }
516 silly mapToRegistry uri https://registry.npmjs.org/string_decoder
517 silly fetchNamedPackageData util-deprecate
518 silly mapToRegistry name util-deprecate
519 silly mapToRegistry using default registry
520 silly mapToRegistry registry https://registry.npmjs.org/
521 silly mapToRegistry data Result {
521 silly mapToRegistry   raw: 'util-deprecate',
521 silly mapToRegistry   scope: null,
521 silly mapToRegistry   escapedName: 'util-deprecate',
521 silly mapToRegistry   name: 'util-deprecate',
521 silly mapToRegistry   rawSpec: '',
521 silly mapToRegistry   spec: 'latest',
521 silly mapToRegistry   type: 'tag' }
522 silly mapToRegistry uri https://registry.npmjs.org/util-deprecate
523 verbose request uri https://registry.npmjs.org/buffer-shims
524 verbose request no auth needed
525 info attempt registry request try #1 at 10:41:39
526 verbose request using bearer token for auth
527 verbose etag W/"572ce87b-833"
528 verbose lastModified Fri, 06 May 2016 18:54:51 GMT
529 http request GET https://registry.npmjs.org/buffer-shims
530 verbose request uri https://registry.npmjs.org/core-util-is
531 verbose request no auth needed
532 info attempt registry request try #1 at 10:41:39
533 verbose request using bearer token for auth
534 verbose etag W/"58b665fc-eb9"
535 verbose lastModified Wed, 01 Mar 2017 06:11:08 GMT
536 http request GET https://registry.npmjs.org/core-util-is
537 verbose request uri https://registry.npmjs.org/isarray
538 verbose request no auth needed
539 info attempt registry request try #1 at 10:41:39
540 verbose request using bearer token for auth
541 verbose etag W/"5818d2eb-226a"
542 verbose lastModified Tue, 01 Nov 2016 17:37:47 GMT
543 http request GET https://registry.npmjs.org/isarray
544 verbose request uri https://registry.npmjs.org/inherits
545 verbose request no auth needed
546 info attempt registry request try #1 at 10:41:39
547 verbose request using bearer token for auth
548 verbose etag W/"58fc9a2b-2221"
549 verbose lastModified Sun, 23 Apr 2017 12:12:27 GMT
550 http request GET https://registry.npmjs.org/inherits
551 verbose request uri https://registry.npmjs.org/process-nextick-args
552 verbose request no auth needed
553 info attempt registry request try #1 at 10:41:39
554 verbose request using bearer token for auth
555 verbose etag W/"5818d8b9-247f"
556 verbose lastModified Tue, 01 Nov 2016 18:02:33 GMT
557 http request GET https://registry.npmjs.org/process-nextick-args
558 verbose request uri https://registry.npmjs.org/string_decoder
559 verbose request no auth needed
560 info attempt registry request try #1 at 10:41:39
561 verbose request using bearer token for auth
562 verbose etag W/"58e644cb-29d9"
563 verbose lastModified Thu, 06 Apr 2017 13:38:19 GMT
564 http request GET https://registry.npmjs.org/string_decoder
565 verbose request uri https://registry.npmjs.org/util-deprecate
566 verbose request no auth needed
567 info attempt registry request try #1 at 10:41:39
568 verbose request using bearer token for auth
569 verbose etag W/"5818e34b-16d9"
570 verbose lastModified Tue, 01 Nov 2016 18:47:39 GMT
571 http request GET https://registry.npmjs.org/util-deprecate
572 http 304 https://registry.npmjs.org/buffer-shims
573 verbose headers { server: 'nginx/1.10.1',
573 verbose headers   'last-modified': 'Fri, 06 May 2016 18:54:51 GMT',
573 verbose headers   etag: '"572ce87b-833"',
573 verbose headers   'cache-control': 'max-age=300',
573 verbose headers   'accept-ranges': 'bytes',
573 verbose headers   date: 'Tue, 09 May 2017 09:41:39 GMT',
573 verbose headers   via: '1.1 varnish',
573 verbose headers   connection: 'keep-alive',
573 verbose headers   'x-served-by': 'cache-mad9420-MAD',
573 verbose headers   'x-cache': 'MISS',
573 verbose headers   'x-cache-hits': '0',
573 verbose headers   'x-timer': 'S1494322900.583332,VS0,VE131',
573 verbose headers   vary: 'Accept-Encoding' }
574 silly get cb [ 304,
574 silly get   { server: 'nginx/1.10.1',
574 silly get     'last-modified': 'Fri, 06 May 2016 18:54:51 GMT',
574 silly get     etag: '"572ce87b-833"',
574 silly get     'cache-control': 'max-age=300',
574 silly get     'accept-ranges': 'bytes',
574 silly get     date: 'Tue, 09 May 2017 09:41:39 GMT',
574 silly get     via: '1.1 varnish',
574 silly get     connection: 'keep-alive',
574 silly get     'x-served-by': 'cache-mad9420-MAD',
574 silly get     'x-cache': 'MISS',
574 silly get     'x-cache-hits': '0',
574 silly get     'x-timer': 'S1494322900.583332,VS0,VE131',
574 silly get     vary: 'Accept-Encoding' } ]
575 verbose etag https://registry.npmjs.org/buffer-shims from cache
576 verbose get saving buffer-shims to /Users/Fer/.npm/registry.npmjs.org/buffer-shims/.cache.json
577 verbose correctMkdir /Users/Fer/.npm correctMkdir not in flight; initializing
578 http 304 https://registry.npmjs.org/isarray
579 verbose headers { server: 'nginx/1.10.1',
579 verbose headers   'last-modified': 'Tue, 01 Nov 2016 17:37:47 GMT',
579 verbose headers   etag: '"5818d2eb-226a"',
579 verbose headers   'cache-control': 'max-age=300',
579 verbose headers   'accept-ranges': 'bytes',
579 verbose headers   date: 'Tue, 09 May 2017 09:41:39 GMT',
579 verbose headers   via: '1.1 varnish',
579 verbose headers   connection: 'keep-alive',
579 verbose headers   'x-served-by': 'cache-mad9428-MAD',
579 verbose headers   'x-cache': 'MISS',
579 verbose headers   'x-cache-hits': '0',
579 verbose headers   'x-timer': 'S1494322900.583076,VS0,VE131',
579 verbose headers   vary: 'Accept-Encoding' }
580 silly get cb [ 304,
580 silly get   { server: 'nginx/1.10.1',
580 silly get     'last-modified': 'Tue, 01 Nov 2016 17:37:47 GMT',
580 silly get     etag: '"5818d2eb-226a"',
580 silly get     'cache-control': 'max-age=300',
580 silly get     'accept-ranges': 'bytes',
580 silly get     date: 'Tue, 09 May 2017 09:41:39 GMT',
580 silly get     via: '1.1 varnish',
580 silly get     connection: 'keep-alive',
580 silly get     'x-served-by': 'cache-mad9428-MAD',
580 silly get     'x-cache': 'MISS',
580 silly get     'x-cache-hits': '0',
580 silly get     'x-timer': 'S1494322900.583076,VS0,VE131',
580 silly get     vary: 'Accept-Encoding' } ]
581 verbose etag https://registry.npmjs.org/isarray from cache
582 verbose get saving isarray to /Users/Fer/.npm/registry.npmjs.org/isarray/.cache.json
583 verbose correctMkdir /Users/Fer/.npm correctMkdir not in flight; initializing
584 http 304 https://registry.npmjs.org/process-nextick-args
585 verbose headers { server: 'nginx/1.10.1',
585 verbose headers   'last-modified': 'Tue, 01 Nov 2016 18:02:33 GMT',
585 verbose headers   etag: '"5818d8b9-247f"',
585 verbose headers   'cache-control': 'max-age=300',
585 verbose headers   'accept-ranges': 'bytes',
585 verbose headers   date: 'Tue, 09 May 2017 09:41:39 GMT',
585 verbose headers   via: '1.1 varnish',
585 verbose headers   connection: 'keep-alive',
585 verbose headers   'x-served-by': 'cache-mad9426-MAD',
585 verbose headers   'x-cache': 'MISS',
585 verbose headers   'x-cache-hits': '0',
585 verbose headers   'x-timer': 'S1494322900.671476,VS0,VE51',
585 verbose headers   vary: 'Accept-Encoding' }
586 silly get cb [ 304,
586 silly get   { server: 'nginx/1.10.1',
586 silly get     'last-modified': 'Tue, 01 Nov 2016 18:02:33 GMT',
586 silly get     etag: '"5818d8b9-247f"',
586 silly get     'cache-control': 'max-age=300',
586 silly get     'accept-ranges': 'bytes',
586 silly get     date: 'Tue, 09 May 2017 09:41:39 GMT',
586 silly get     via: '1.1 varnish',
586 silly get     connection: 'keep-alive',
586 silly get     'x-served-by': 'cache-mad9426-MAD',
586 silly get     'x-cache': 'MISS',
586 silly get     'x-cache-hits': '0',
586 silly get     'x-timer': 'S1494322900.671476,VS0,VE51',
586 silly get     vary: 'Accept-Encoding' } ]
587 verbose etag https://registry.npmjs.org/process-nextick-args from cache
588 verbose get saving process-nextick-args to /Users/Fer/.npm/registry.npmjs.org/process-nextick-args/.cache.json
589 verbose correctMkdir /Users/Fer/.npm correctMkdir not in flight; initializing
590 http 304 https://registry.npmjs.org/string_decoder
591 verbose headers { server: 'nginx/1.10.1',
591 verbose headers   'last-modified': 'Thu, 06 Apr 2017 13:38:19 GMT',
591 verbose headers   etag: '"58e644cb-29d9"',
591 verbose headers   'cache-control': 'max-age=300',
591 verbose headers   'accept-ranges': 'bytes',
591 verbose headers   date: 'Tue, 09 May 2017 09:41:39 GMT',
591 verbose headers   via: '1.1 varnish',
591 verbose headers   connection: 'keep-alive',
591 verbose headers   'x-served-by': 'cache-mad9434-MAD',
591 verbose headers   'x-cache': 'MISS',
591 verbose headers   'x-cache-hits': '0',
591 verbose headers   'x-timer': 'S1494322900.666404,VS0,VE52',
591 verbose headers   vary: 'Accept-Encoding' }
592 silly get cb [ 304,
592 silly get   { server: 'nginx/1.10.1',
592 silly get     'last-modified': 'Thu, 06 Apr 2017 13:38:19 GMT',
592 silly get     etag: '"58e644cb-29d9"',
592 silly get     'cache-control': 'max-age=300',
592 silly get     'accept-ranges': 'bytes',
592 silly get     date: 'Tue, 09 May 2017 09:41:39 GMT',
592 silly get     via: '1.1 varnish',
592 silly get     connection: 'keep-alive',
592 silly get     'x-served-by': 'cache-mad9434-MAD',
592 silly get     'x-cache': 'MISS',
592 silly get     'x-cache-hits': '0',
592 silly get     'x-timer': 'S1494322900.666404,VS0,VE52',
592 silly get     vary: 'Accept-Encoding' } ]
593 verbose etag https://registry.npmjs.org/string_decoder from cache
594 verbose get saving string_decoder to /Users/Fer/.npm/registry.npmjs.org/string_decoder/.cache.json
595 verbose correctMkdir /Users/Fer/.npm correctMkdir not in flight; initializing
596 http 304 https://registry.npmjs.org/util-deprecate
597 verbose headers { server: 'nginx/1.10.1',
597 verbose headers   'last-modified': 'Tue, 01 Nov 2016 18:47:39 GMT',
597 verbose headers   etag: '"5818e34b-16d9"',
597 verbose headers   'cache-control': 'max-age=300',
597 verbose headers   'accept-ranges': 'bytes',
597 verbose headers   date: 'Tue, 09 May 2017 09:41:39 GMT',
597 verbose headers   via: '1.1 varnish',
597 verbose headers   connection: 'keep-alive',
597 verbose headers   'x-served-by': 'cache-mad9425-MAD',
597 verbose headers   'x-cache': 'MISS',
597 verbose headers   'x-cache-hits': '0',
597 verbose headers   'x-timer': 'S1494322900.668760,VS0,VE50',
597 verbose headers   vary: 'Accept-Encoding' }
598 silly get cb [ 304,
598 silly get   { server: 'nginx/1.10.1',
598 silly get     'last-modified': 'Tue, 01 Nov 2016 18:47:39 GMT',
598 silly get     etag: '"5818e34b-16d9"',
598 silly get     'cache-control': 'max-age=300',
598 silly get     'accept-ranges': 'bytes',
598 silly get     date: 'Tue, 09 May 2017 09:41:39 GMT',
598 silly get     via: '1.1 varnish',
598 silly get     connection: 'keep-alive',
598 silly get     'x-served-by': 'cache-mad9425-MAD',
598 silly get     'x-cache': 'MISS',
598 silly get     'x-cache-hits': '0',
598 silly get     'x-timer': 'S1494322900.668760,VS0,VE50',
598 silly get     vary: 'Accept-Encoding' } ]
599 verbose etag https://registry.npmjs.org/util-deprecate from cache
600 verbose get saving util-deprecate to /Users/Fer/.npm/registry.npmjs.org/util-deprecate/.cache.json
601 verbose correctMkdir /Users/Fer/.npm correctMkdir not in flight; initializing
602 http 200 https://registry.npmjs.org/core-util-is
603 verbose headers { server: 'nginx/1.10.1',
603 verbose headers   'content-type': 'application/json',
603 verbose headers   'last-modified': 'Tue, 09 May 2017 07:13:14 GMT',
603 verbose headers   etag: 'W/"59116c0a-ec5"',
603 verbose headers   'content-encoding': 'gzip',
603 verbose headers   'cache-control': 'max-age=300',
603 verbose headers   'transfer-encoding': 'chunked',
603 verbose headers   'accept-ranges': 'bytes',
603 verbose headers   date: 'Tue, 09 May 2017 09:41:39 GMT',
603 verbose headers   via: '1.1 varnish',
603 verbose headers   connection: 'keep-alive',
603 verbose headers   'x-served-by': 'cache-mad9421-MAD',
603 verbose headers   'x-cache': 'MISS',
603 verbose headers   'x-cache-hits': '0',
603 verbose headers   'x-timer': 'S1494322900.582090,VS0,VE131',
603 verbose headers   vary: 'Accept-Encoding' }
604 silly get cb [ 200,
604 silly get   { server: 'nginx/1.10.1',
604 silly get     'content-type': 'application/json',
604 silly get     'last-modified': 'Tue, 09 May 2017 07:13:14 GMT',
604 silly get     etag: 'W/"59116c0a-ec5"',
604 silly get     'content-encoding': 'gzip',
604 silly get     'cache-control': 'max-age=300',
604 silly get     'transfer-encoding': 'chunked',
604 silly get     'accept-ranges': 'bytes',
604 silly get     date: 'Tue, 09 May 2017 09:41:39 GMT',
604 silly get     via: '1.1 varnish',
604 silly get     connection: 'keep-alive',
604 silly get     'x-served-by': 'cache-mad9421-MAD',
604 silly get     'x-cache': 'MISS',
604 silly get     'x-cache-hits': '0',
604 silly get     'x-timer': 'S1494322900.582090,VS0,VE131',
604 silly get     vary: 'Accept-Encoding' } ]
605 verbose get saving core-util-is to /Users/Fer/.npm/registry.npmjs.org/core-util-is/.cache.json
606 verbose correctMkdir /Users/Fer/.npm correctMkdir not in flight; initializing
607 silly resolveWithNewModule process-nextick-args@1.0.7 checking installable status
608 silly cache add args [ 'process-nextick-args@~1.0.6', null ]
609 verbose cache add spec process-nextick-args@~1.0.6
610 silly cache add parsed spec Result {
610 silly cache add   raw: 'process-nextick-args@~1.0.6',
610 silly cache add   scope: null,
610 silly cache add   escapedName: 'process-nextick-args',
610 silly cache add   name: 'process-nextick-args',
610 silly cache add   rawSpec: '~1.0.6',
610 silly cache add   spec: '>=1.0.6 <1.1.0',
610 silly cache add   type: 'range' }
611 silly addNamed process-nextick-args@>=1.0.6 <1.1.0
612 verbose addNamed ">=1.0.6 <1.1.0" is a valid semver range for process-nextick-args
613 silly addNameRange { name: 'process-nextick-args',
613 silly addNameRange   range: '>=1.0.6 <1.1.0',
613 silly addNameRange   hasData: false }
614 silly mapToRegistry name process-nextick-args
615 silly mapToRegistry using default registry
616 silly mapToRegistry registry https://registry.npmjs.org/
617 silly mapToRegistry data Result {
617 silly mapToRegistry   raw: 'process-nextick-args',
617 silly mapToRegistry   scope: null,
617 silly mapToRegistry   escapedName: 'process-nextick-args',
617 silly mapToRegistry   name: 'process-nextick-args',
617 silly mapToRegistry   rawSpec: '',
617 silly mapToRegistry   spec: 'latest',
617 silly mapToRegistry   type: 'tag' }
618 silly mapToRegistry uri https://registry.npmjs.org/process-nextick-args
619 verbose addNameRange registry:https://registry.npmjs.org/process-nextick-args not in flight; fetching
620 silly resolveWithNewModule string_decoder@1.0.0 checking installable status
621 silly cache add args [ 'string_decoder@~1.0.0', null ]
622 verbose cache add spec string_decoder@~1.0.0
623 silly cache add parsed spec Result {
623 silly cache add   raw: 'string_decoder@~1.0.0',
623 silly cache add   scope: null,
623 silly cache add   escapedName: 'string_decoder',
623 silly cache add   name: 'string_decoder',
623 silly cache add   rawSpec: '~1.0.0',
623 silly cache add   spec: '>=1.0.0 <1.1.0',
623 silly cache add   type: 'range' }
624 silly addNamed string_decoder@>=1.0.0 <1.1.0
625 verbose addNamed ">=1.0.0 <1.1.0" is a valid semver range for string_decoder
626 silly addNameRange { name: 'string_decoder',
626 silly addNameRange   range: '>=1.0.0 <1.1.0',
626 silly addNameRange   hasData: false }
627 silly mapToRegistry name string_decoder
628 silly mapToRegistry using default registry
629 silly mapToRegistry registry https://registry.npmjs.org/
630 silly mapToRegistry data Result {
630 silly mapToRegistry   raw: 'string_decoder',
630 silly mapToRegistry   scope: null,
630 silly mapToRegistry   escapedName: 'string_decoder',
630 silly mapToRegistry   name: 'string_decoder',
630 silly mapToRegistry   rawSpec: '',
630 silly mapToRegistry   spec: 'latest',
630 silly mapToRegistry   type: 'tag' }
631 silly mapToRegistry uri https://registry.npmjs.org/string_decoder
632 verbose addNameRange registry:https://registry.npmjs.org/string_decoder not in flight; fetching
633 silly resolveWithNewModule util-deprecate@1.0.2 checking installable status
634 silly cache add args [ 'util-deprecate@~1.0.1', null ]
635 verbose cache add spec util-deprecate@~1.0.1
636 silly cache add parsed spec Result {
636 silly cache add   raw: 'util-deprecate@~1.0.1',
636 silly cache add   scope: null,
636 silly cache add   escapedName: 'util-deprecate',
636 silly cache add   name: 'util-deprecate',
636 silly cache add   rawSpec: '~1.0.1',
636 silly cache add   spec: '>=1.0.1 <1.1.0',
636 silly cache add   type: 'range' }
637 silly addNamed util-deprecate@>=1.0.1 <1.1.0
638 verbose addNamed ">=1.0.1 <1.1.0" is a valid semver range for util-deprecate
639 silly addNameRange { name: 'util-deprecate',
639 silly addNameRange   range: '>=1.0.1 <1.1.0',
639 silly addNameRange   hasData: false }
640 silly mapToRegistry name util-deprecate
641 silly mapToRegistry using default registry
642 silly mapToRegistry registry https://registry.npmjs.org/
643 silly mapToRegistry data Result {
643 silly mapToRegistry   raw: 'util-deprecate',
643 silly mapToRegistry   scope: null,
643 silly mapToRegistry   escapedName: 'util-deprecate',
643 silly mapToRegistry   name: 'util-deprecate',
643 silly mapToRegistry   rawSpec: '',
643 silly mapToRegistry   spec: 'latest',
643 silly mapToRegistry   type: 'tag' }
644 silly mapToRegistry uri https://registry.npmjs.org/util-deprecate
645 verbose addNameRange registry:https://registry.npmjs.org/util-deprecate not in flight; fetching
646 silly resolveWithNewModule buffer-shims@1.0.0 checking installable status
647 silly cache add args [ 'buffer-shims@~1.0.0', null ]
648 verbose cache add spec buffer-shims@~1.0.0
649 silly cache add parsed spec Result {
649 silly cache add   raw: 'buffer-shims@~1.0.0',
649 silly cache add   scope: null,
649 silly cache add   escapedName: 'buffer-shims',
649 silly cache add   name: 'buffer-shims',
649 silly cache add   rawSpec: '~1.0.0',
649 silly cache add   spec: '>=1.0.0 <1.1.0',
649 silly cache add   type: 'range' }
650 silly addNamed buffer-shims@>=1.0.0 <1.1.0
651 verbose addNamed ">=1.0.0 <1.1.0" is a valid semver range for buffer-shims
652 silly addNameRange { name: 'buffer-shims', range: '>=1.0.0 <1.1.0', hasData: false }
653 silly mapToRegistry name buffer-shims
654 silly mapToRegistry using default registry
655 silly mapToRegistry registry https://registry.npmjs.org/
656 silly mapToRegistry data Result {
656 silly mapToRegistry   raw: 'buffer-shims',
656 silly mapToRegistry   scope: null,
656 silly mapToRegistry   escapedName: 'buffer-shims',
656 silly mapToRegistry   name: 'buffer-shims',
656 silly mapToRegistry   rawSpec: '',
656 silly mapToRegistry   spec: 'latest',
656 silly mapToRegistry   type: 'tag' }
657 silly mapToRegistry uri https://registry.npmjs.org/buffer-shims
658 verbose addNameRange registry:https://registry.npmjs.org/buffer-shims not in flight; fetching
659 silly resolveWithNewModule isarray@1.0.0 checking installable status
660 silly cache add args [ 'isarray@~1.0.0', null ]
661 verbose cache add spec isarray@~1.0.0
662 silly cache add parsed spec Result {
662 silly cache add   raw: 'isarray@~1.0.0',
662 silly cache add   scope: null,
662 silly cache add   escapedName: 'isarray',
662 silly cache add   name: 'isarray',
662 silly cache add   rawSpec: '~1.0.0',
662 silly cache add   spec: '>=1.0.0 <1.1.0',
662 silly cache add   type: 'range' }
663 silly addNamed isarray@>=1.0.0 <1.1.0
664 verbose addNamed ">=1.0.0 <1.1.0" is a valid semver range for isarray
665 silly addNameRange { name: 'isarray', range: '>=1.0.0 <1.1.0', hasData: false }
666 silly mapToRegistry name isarray
667 silly mapToRegistry using default registry
668 silly mapToRegistry registry https://registry.npmjs.org/
669 silly mapToRegistry data Result {
669 silly mapToRegistry   raw: 'isarray',
669 silly mapToRegistry   scope: null,
669 silly mapToRegistry   escapedName: 'isarray',
669 silly mapToRegistry   name: 'isarray',
669 silly mapToRegistry   rawSpec: '',
669 silly mapToRegistry   spec: 'latest',
669 silly mapToRegistry   type: 'tag' }
670 silly mapToRegistry uri https://registry.npmjs.org/isarray
671 verbose addNameRange registry:https://registry.npmjs.org/isarray not in flight; fetching
672 silly resolveWithNewModule core-util-is@1.0.2 checking installable status
673 silly cache add args [ 'core-util-is@~1.0.0', null ]
674 verbose cache add spec core-util-is@~1.0.0
675 silly cache add parsed spec Result {
675 silly cache add   raw: 'core-util-is@~1.0.0',
675 silly cache add   scope: null,
675 silly cache add   escapedName: 'core-util-is',
675 silly cache add   name: 'core-util-is',
675 silly cache add   rawSpec: '~1.0.0',
675 silly cache add   spec: '>=1.0.0 <1.1.0',
675 silly cache add   type: 'range' }
676 silly addNamed core-util-is@>=1.0.0 <1.1.0
677 verbose addNamed ">=1.0.0 <1.1.0" is a valid semver range for core-util-is
678 silly addNameRange { name: 'core-util-is', range: '>=1.0.0 <1.1.0', hasData: false }
679 silly mapToRegistry name core-util-is
680 silly mapToRegistry using default registry
681 silly mapToRegistry registry https://registry.npmjs.org/
682 silly mapToRegistry data Result {
682 silly mapToRegistry   raw: 'core-util-is',
682 silly mapToRegistry   scope: null,
682 silly mapToRegistry   escapedName: 'core-util-is',
682 silly mapToRegistry   name: 'core-util-is',
682 silly mapToRegistry   rawSpec: '',
682 silly mapToRegistry   spec: 'latest',
682 silly mapToRegistry   type: 'tag' }
683 silly mapToRegistry uri https://registry.npmjs.org/core-util-is
684 verbose addNameRange registry:https://registry.npmjs.org/core-util-is not in flight; fetching
685 verbose get https://registry.npmjs.org/process-nextick-args not expired, no request
686 silly addNameRange number 2 { name: 'process-nextick-args',
686 silly addNameRange   range: '>=1.0.6 <1.1.0',
686 silly addNameRange   hasData: true }
687 silly addNameRange versions [ 'process-nextick-args',
687 silly addNameRange   [ '1.0.0',
687 silly addNameRange     '1.0.1',
687 silly addNameRange     '1.0.2',
687 silly addNameRange     '1.0.3',
687 silly addNameRange     '1.0.4',
687 silly addNameRange     '1.0.5',
687 silly addNameRange     '1.0.6',
687 silly addNameRange     '1.0.7' ] ]
688 silly addNamed process-nextick-args@1.0.7
689 verbose addNamed "1.0.7" is a plain semver version for process-nextick-args
690 verbose get https://registry.npmjs.org/string_decoder not expired, no request
691 silly addNameRange number 2 { name: 'string_decoder',
691 silly addNameRange   range: '>=1.0.0 <1.1.0',
691 silly addNameRange   hasData: true }
692 silly addNameRange versions [ 'string_decoder',
692 silly addNameRange   [ '0.0.0',
692 silly addNameRange     '0.0.1',
692 silly addNameRange     '0.10.24',
692 silly addNameRange     '0.11.10',
692 silly addNameRange     '0.10.25',
692 silly addNameRange     '0.11.10-1',
692 silly addNameRange     '0.10.25-1',
692 silly addNameRange     '0.10.31',
692 silly addNameRange     '1.0.0' ] ]
693 silly addNamed string_decoder@1.0.0
694 verbose addNamed "1.0.0" is a plain semver version for string_decoder
695 verbose get https://registry.npmjs.org/util-deprecate not expired, no request
696 silly addNameRange number 2 { name: 'util-deprecate',
696 silly addNameRange   range: '>=1.0.1 <1.1.0',
696 silly addNameRange   hasData: true }
697 silly addNameRange versions [ 'util-deprecate', [ '1.0.0', '1.0.1', '1.0.2' ] ]
698 silly addNamed util-deprecate@1.0.2
699 verbose addNamed "1.0.2" is a plain semver version for util-deprecate
700 verbose get https://registry.npmjs.org/buffer-shims not expired, no request
701 silly addNameRange number 2 { name: 'buffer-shims', range: '>=1.0.0 <1.1.0', hasData: true }
702 silly addNameRange versions [ 'buffer-shims', [ '1.0.0' ] ]
703 silly addNamed buffer-shims@1.0.0
704 verbose addNamed "1.0.0" is a plain semver version for buffer-shims
705 verbose get https://registry.npmjs.org/isarray not expired, no request
706 silly addNameRange number 2 { name: 'isarray', range: '>=1.0.0 <1.1.0', hasData: true }
707 silly addNameRange versions [ 'isarray', [ '0.0.0', '0.0.1', '1.0.0', '2.0.0', '2.0.1' ] ]
708 silly addNamed isarray@1.0.0
709 verbose addNamed "1.0.0" is a plain semver version for isarray
710 verbose get https://registry.npmjs.org/core-util-is not expired, no request
711 silly addNameRange number 2 { name: 'core-util-is', range: '>=1.0.0 <1.1.0', hasData: true }
712 silly addNameRange versions [ 'core-util-is', [ '1.0.0', '1.0.1', '1.0.2' ] ]
713 silly addNamed core-util-is@1.0.2
714 verbose addNamed "1.0.2" is a plain semver version for core-util-is
715 silly cache afterAdd process-nextick-args@1.0.7
716 verbose afterAdd /Users/Fer/.npm/process-nextick-args/1.0.7/package/package.json not in flight; writing
717 verbose correctMkdir /Users/Fer/.npm correctMkdir not in flight; initializing
718 silly cache afterAdd util-deprecate@1.0.2
719 verbose afterAdd /Users/Fer/.npm/util-deprecate/1.0.2/package/package.json not in flight; writing
720 verbose correctMkdir /Users/Fer/.npm correctMkdir not in flight; initializing
721 silly cache afterAdd buffer-shims@1.0.0
722 verbose afterAdd /Users/Fer/.npm/buffer-shims/1.0.0/package/package.json not in flight; writing
723 verbose correctMkdir /Users/Fer/.npm correctMkdir not in flight; initializing
724 silly cache afterAdd string_decoder@1.0.0
725 verbose afterAdd /Users/Fer/.npm/string_decoder/1.0.0/package/package.json not in flight; writing
726 verbose correctMkdir /Users/Fer/.npm correctMkdir not in flight; initializing
727 silly cache afterAdd isarray@1.0.0
728 verbose afterAdd /Users/Fer/.npm/isarray/1.0.0/package/package.json not in flight; writing
729 verbose correctMkdir /Users/Fer/.npm correctMkdir not in flight; initializing
730 silly cache afterAdd core-util-is@1.0.2
731 verbose afterAdd /Users/Fer/.npm/core-util-is/1.0.2/package/package.json not in flight; writing
732 verbose correctMkdir /Users/Fer/.npm correctMkdir not in flight; initializing
733 verbose afterAdd /Users/Fer/.npm/string_decoder/1.0.0/package/package.json written
734 verbose afterAdd /Users/Fer/.npm/process-nextick-args/1.0.7/package/package.json written
735 verbose afterAdd /Users/Fer/.npm/util-deprecate/1.0.2/package/package.json written
736 verbose afterAdd /Users/Fer/.npm/buffer-shims/1.0.0/package/package.json written
737 verbose afterAdd /Users/Fer/.npm/isarray/1.0.0/package/package.json written
738 verbose afterAdd /Users/Fer/.npm/core-util-is/1.0.2/package/package.json written
739 http 304 https://registry.npmjs.org/inherits
740 verbose headers { server: 'nginx/1.10.1',
740 verbose headers   'last-modified': 'Sun, 23 Apr 2017 12:12:27 GMT',
740 verbose headers   etag: '"58fc9a2b-2221"',
740 verbose headers   'cache-control': 'max-age=300',
740 verbose headers   'accept-ranges': 'bytes',
740 verbose headers   date: 'Tue, 09 May 2017 09:41:39 GMT',
740 verbose headers   via: '1.1 varnish',
740 verbose headers   connection: 'keep-alive',
740 verbose headers   'x-served-by': 'cache-mad9424-MAD',
740 verbose headers   'x-cache': 'MISS',
740 verbose headers   'x-cache-hits': '0',
740 verbose headers   'x-timer': 'S1494322900.662851,VS0,VE174',
740 verbose headers   vary: 'Accept-Encoding' }
741 silly get cb [ 304,
741 silly get   { server: 'nginx/1.10.1',
741 silly get     'last-modified': 'Sun, 23 Apr 2017 12:12:27 GMT',
741 silly get     etag: '"58fc9a2b-2221"',
741 silly get     'cache-control': 'max-age=300',
741 silly get     'accept-ranges': 'bytes',
741 silly get     date: 'Tue, 09 May 2017 09:41:39 GMT',
741 silly get     via: '1.1 varnish',
741 silly get     connection: 'keep-alive',
741 silly get     'x-served-by': 'cache-mad9424-MAD',
741 silly get     'x-cache': 'MISS',
741 silly get     'x-cache-hits': '0',
741 silly get     'x-timer': 'S1494322900.662851,VS0,VE174',
741 silly get     vary: 'Accept-Encoding' } ]
742 verbose etag https://registry.npmjs.org/inherits from cache
743 verbose get saving inherits to /Users/Fer/.npm/registry.npmjs.org/inherits/.cache.json
744 verbose correctMkdir /Users/Fer/.npm correctMkdir not in flight; initializing
745 silly resolveWithNewModule inherits@2.0.3 checking installable status
746 silly cache add args [ 'inherits@~2.0.1', null ]
747 verbose cache add spec inherits@~2.0.1
748 silly cache add parsed spec Result {
748 silly cache add   raw: 'inherits@~2.0.1',
748 silly cache add   scope: null,
748 silly cache add   escapedName: 'inherits',
748 silly cache add   name: 'inherits',
748 silly cache add   rawSpec: '~2.0.1',
748 silly cache add   spec: '>=2.0.1 <2.1.0',
748 silly cache add   type: 'range' }
749 silly addNamed inherits@>=2.0.1 <2.1.0
750 verbose addNamed ">=2.0.1 <2.1.0" is a valid semver range for inherits
751 silly addNameRange { name: 'inherits', range: '>=2.0.1 <2.1.0', hasData: false }
752 silly mapToRegistry name inherits
753 silly mapToRegistry using default registry
754 silly mapToRegistry registry https://registry.npmjs.org/
755 silly mapToRegistry data Result {
755 silly mapToRegistry   raw: 'inherits',
755 silly mapToRegistry   scope: null,
755 silly mapToRegistry   escapedName: 'inherits',
755 silly mapToRegistry   name: 'inherits',
755 silly mapToRegistry   rawSpec: '',
755 silly mapToRegistry   spec: 'latest',
755 silly mapToRegistry   type: 'tag' }
756 silly mapToRegistry uri https://registry.npmjs.org/inherits
757 verbose addNameRange registry:https://registry.npmjs.org/inherits not in flight; fetching
758 verbose get https://registry.npmjs.org/inherits not expired, no request
759 silly addNameRange number 2 { name: 'inherits', range: '>=2.0.1 <2.1.0', hasData: true }
760 silly addNameRange versions [ 'inherits',
760 silly addNameRange   [ '1.0.0', '2.0.0', '2.0.1', '1.0.1', '1.0.2', '2.0.3' ] ]
761 silly addNamed inherits@2.0.3
762 verbose addNamed "2.0.3" is a plain semver version for inherits
763 silly cache afterAdd inherits@2.0.3
764 verbose afterAdd /Users/Fer/.npm/inherits/2.0.3/package/package.json not in flight; writing
765 verbose correctMkdir /Users/Fer/.npm correctMkdir not in flight; initializing
766 verbose afterAdd /Users/Fer/.npm/inherits/2.0.3/package/package.json written
767 silly loadAllDepsIntoIdealTree Finishing
768 silly loadIdealTree Finishing
769 silly currentTree lib
770 silly idealTree lib
770 silly idealTree  mongo@0.1.0
770 silly idealTree    bson@1.0.4
770 silly idealTree    buffer-shims@1.0.0
770 silly idealTree    core-util-is@1.0.2
770 silly idealTree    es6-promise@3.2.1
770 silly idealTree    inherits@2.0.3
770 silly idealTree    isarray@1.0.0
770 silly idealTree    mongodb-core@2.1.10
770 silly idealTree    mongodb@2.2.26
770 silly idealTree    process-nextick-args@1.0.7
770 silly idealTree    readable-stream@2.2.7
770 silly idealTree    require_optional@1.0.0
770 silly idealTree    resolve-from@2.0.0
770 silly idealTree    semver@5.3.0
770 silly idealTree    string_decoder@1.0.0
770 silly idealTree    util-deprecate@1.0.2
771 silly generateActionsToTake Starting
772 silly install generateActionsToTake
773 warn checkPermissions Missing write access to /usr/local/lib/node_modules
774 silly rollbackFailedOptional Starting
775 silly rollbackFailedOptional Finishing
776 silly runTopLevelLifecycles Finishing
777 silly install printInstalled
778 verbose stack Error: EACCES: permission denied, access '/usr/local/lib/node_modules'
778 verbose stack     at Error (native)
779 verbose cwd /Users/Fer/Desktop/Practicas_DSI/Proyecto
780 error Darwin 16.5.0
781 error argv "/usr/local/bin/node" "/usr/local/bin/npm" "install" "-g" "mongo"
782 error node v6.9.5
783 error npm  v3.10.10
784 error path /usr/local/lib/node_modules
785 error code EACCES
786 error errno -13
787 error syscall access
788 error Error: EACCES: permission denied, access '/usr/local/lib/node_modules'
788 error     at Error (native)
788 error  { Error: EACCES: permission denied, access '/usr/local/lib/node_modules'
788 error     at Error (native)
788 error   errno: -13,
788 error   code: 'EACCES',
788 error   syscall: 'access',
788 error   path: '/usr/local/lib/node_modules' }
789 error Please try running this command again as root/Administrator.
790 verbose exit [ -13, true ]
